[2025-08-27 14:33:49][INFO][SID:29fc3888d476d8e7] WebDeployFiles: iniciando
[2025-08-27 14:33:49][INFO][SID:29fc3888d476d8e7] Merge .env: novas=0 deprecated=0
[2025-08-27 14:33:58][WARNING][SID:29fc3888d476d8e7] moverConteudoStaging: falha ao remover destino existente /var/www/sites/localhost/conn2flow-gestor/assets
[2025-08-27 14:34:10][WARNING][SID:29fc3888d476d8e7] moverConteudoStaging: falha ao remover destino existente /var/www/sites/localhost/conn2flow-gestor/autenticacoes.exemplo
[2025-08-27 14:34:10][WARNING][SID:29fc3888d476d8e7] moverConteudoStaging: falha ao remover destino existente /var/www/sites/localhost/conn2flow-gestor/bibliotecas
[2025-08-27 14:34:12][WARNING][SID:29fc3888d476d8e7] moverConteudoStaging: falha ao remover destino existente /var/www/sites/localhost/conn2flow-gestor/configuracoes
[2025-08-27 14:34:12][WARNING][SID:29fc3888d476d8e7] moverConteudoStaging: falha ao remover destino existente /var/www/sites/localhost/conn2flow-gestor/controladores
[2025-08-27 14:34:13][WARNING][SID:29fc3888d476d8e7] moverConteudoStaging: falha ao remover destino existente /var/www/sites/localhost/conn2flow-gestor/db
[2025-08-27 14:34:14][WARNING][SID:29fc3888d476d8e7] moverConteudoStaging: falha ao remover destino existente /var/www/sites/localhost/conn2flow-gestor/modulos
[2025-08-27 14:34:16][WARNING][SID:29fc3888d476d8e7] moverConteudoStaging: falha ao remover destino existente /var/www/sites/localhost/conn2flow-gestor/vendor
[2025-08-27 14:34:24][WARNING][SID:29fc3888d476d8e7] WebDeploy sentinel mismatch após deploy (esperado 95b4ee03247341f7616dd55230eebbe3b0434c530a6035f555339745e438cfd8 obteve 9903d641c8597fe6a6fb857cc37a2b353288c400feec26912f70ed38683b2e52) – aplicando fallback
[2025-08-27 14:34:24][ERROR][SID:29fc3888d476d8e7] WebDeploy sentinel fallback write falhou: file_put_contents(/var/www/sites/localhost/conn2flow-gestor/modulos/admin-arquivos/admin-arquivos.php): Failed to open stream: Permission denied
[2025-08-27 14:34:24][WARNING][SID:29fc3888d476d8e7] WebDeploy sentinel rehash após fallback=9903d641c8597fe6a6fb857cc37a2b353288c400feec26912f70ed38683b2e52
[2025-08-27 14:34:24][INFO][SID:29fc3888d476d8e7] Plano exportado: /var/www/sites/localhost/conn2flow-gestor/logs/atualizacoes/plan-20250827-143424.json
[2025-08-27 14:34:24][INFO][SID:29fc3888d476d8e7] WebDeployFiles: concluído
[2025-08-27 14:34:25][INFO][SID:29fc3888d476d8e7] WebDatabase: iniciando com script=/var/www/sites/localhost/conn2flow-gestor/controladores/atualizacoes/atualizacoes-banco-de-dados.php
[2025-08-27 14:34:25][INFO][SID:29fc3888d476d8e7] Banco: incluindo script inline (sem processo externo)
[2025-08-27 14:34:27][INFO][SID:29fc3888d476d8e7] Banco: concluído inline
[2025-08-27 14:34:27][INFO][SID:29fc3888d476d8e7] WebDatabase: concluído
[2025-08-27 14:34:27][INFO][SID:29fc3888d476d8e7] WebFinalize: iniciando
[2025-08-27 14:34:27][INFO][SID:29fc3888d476d8e7] WebFinalize: concluído
