[2025-09-04 17:06:47] Início processo V2
[2025-09-04 17:06:47] _map_loaded
[2025-09-04 17:06:47] Existentes (layouts): 7
[2025-09-04 17:06:47] Existentes (paginas): 59
[2025-09-04 17:06:47] Existentes (componentes): 37
[2025-09-04 17:06:47] Existentes (variaveis): 467
[2025-09-04 17:06:47] _collected_summary
[2025-09-04 17:06:47] Dados persistidos + órfãos.
[2025-09-04 17:06:47] 📝 Relatório Final
📦 Layouts: 7
📄 Páginas: 59
🧩 Componentes: 37
🔧 Variáveis: 467
Σ TOTAL: 570
🗃️ Órfãos: 0
✅ Nenhum problema de unicidade adicional.

[2025-09-04 17:06:47] Fim processo V2 OK
[2025-09-04 17:12:28] Início processo V2
[2025-09-04 17:12:28] _map_loaded
[2025-09-04 17:12:28] Existentes (layouts): 7
[2025-09-04 17:12:28] Existentes (paginas): 59
[2025-09-04 17:12:28] Existentes (componentes): 37
[2025-09-04 17:12:28] Existentes (variaveis): 467
[2025-09-04 17:12:28] _collected_summary
[2025-09-04 17:12:28] Dados persistidos + órfãos.
[2025-09-04 17:12:28] 📝 Relatório Final
📦 Layouts: 7
📄 Páginas: 59
🧩 Componentes: 37
🔧 Variáveis: 467
Σ TOTAL: 570
🗃️ Órfãos: 0
✅ Nenhum problema de unicidade adicional.

[2025-09-04 17:12:28] Fim processo V2 OK
[2025-09-04 17:34:35] Início processo V2
[2025-09-04 17:34:35] _map_loaded
[2025-09-04 17:34:35] Existentes (layouts): 7
[2025-09-04 17:34:35] Existentes (paginas): 59
[2025-09-04 17:34:35] Existentes (componentes): 37
[2025-09-04 17:34:35] Existentes (variaveis): 467
[2025-09-04 17:34:35] _collected_summary
[2025-09-04 17:34:35] Dados persistidos + órfãos.
[2025-09-04 17:34:35] 📝 Relatório Final
📦 Layouts: 7
📄 Páginas: 59
🧩 Componentes: 37
🔧 Variáveis: 467
Σ TOTAL: 570
🗃️ Órfãos: 0
✅ Nenhum problema de unicidade adicional.

[2025-09-04 17:34:35] Fim processo V2 OK
[2025-09-04 18:10:54] Início processo V2
[2025-09-04 18:10:54] _map_loaded
[2025-09-04 18:10:54] Existentes (layouts): 7
[2025-09-04 18:10:54] Existentes (paginas): 59
[2025-09-04 18:10:54] Existentes (componentes): 37
[2025-09-04 18:10:54] Existentes (variaveis): 467
[2025-09-04 18:10:54] _collected_summary
[2025-09-04 18:10:54] Dados persistidos + órfãos.
[2025-09-04 18:10:54] 📝 Relatório Final
📦 Layouts: 7
📄 Páginas: 59
🧩 Componentes: 37
🔧 Variáveis: 467
Σ TOTAL: 570
🗃️ Órfãos: 0
✅ Nenhum problema de unicidade adicional.

[2025-09-04 18:10:54] Fim processo V2 OK
[2025-09-04 18:38:33] Início processo V2
[2025-09-04 18:38:33] _map_loaded
[2025-09-04 18:38:33] Existentes (layouts): 7
[2025-09-04 18:38:33] Existentes (paginas): 59
[2025-09-04 18:38:33] Existentes (componentes): 37
[2025-09-04 18:38:33] Existentes (variaveis): 467
[2025-09-04 18:38:33] _collected_summary
[2025-09-04 18:38:33] Dados persistidos + órfãos.
[2025-09-04 18:38:33] 📝 Relatório Final
📦 Layouts: 7
📄 Páginas: 59
🧩 Componentes: 37
🔧 Variáveis: 467
Σ TOTAL: 570
🗃️ Órfãos: 0
✅ Nenhum problema de unicidade adicional.

[2025-09-04 18:38:33] Fim processo V2 OK
[2025-09-04 18:40:36] Início processo V2
[2025-09-04 18:40:36] _map_loaded
[2025-09-04 18:40:36] Existentes (layouts): 7
[2025-09-04 18:40:36] Existentes (paginas): 59
[2025-09-04 18:40:36] Existentes (componentes): 37
[2025-09-04 18:40:36] Existentes (variaveis): 467
[2025-09-04 18:40:36] _collected_summary
[2025-09-04 18:40:36] Dados persistidos + órfãos.
[2025-09-04 18:40:36] 📝 Relatório Final
📦 Layouts: 7
📄 Páginas: 59
🧩 Componentes: 37
🔧 Variáveis: 467
Σ TOTAL: 570
🗃️ Órfãos: 0
✅ Nenhum problema de unicidade adicional.

[2025-09-04 18:40:36] Fim processo V2 OK
[2025-09-04 18:44:39] Início processo V2
[2025-09-04 18:44:39] _map_loaded
[2025-09-04 18:44:39] Existentes (layouts): 7
[2025-09-04 18:44:39] Existentes (paginas): 59
[2025-09-04 18:44:39] Existentes (componentes): 37
[2025-09-04 18:44:39] Existentes (variaveis): 467
[2025-09-04 18:44:39] _collected_summary
[2025-09-04 18:44:39] Dados persistidos + órfãos.
[2025-09-04 18:44:39] 📝 Relatório Final
📦 Layouts: 7
📄 Páginas: 59
🧩 Componentes: 37
🔧 Variáveis: 467
Σ TOTAL: 570
🗃️ Órfãos: 0
✅ Nenhum problema de unicidade adicional.

[2025-09-04 18:44:39] Fim processo V2 OK
[2025-09-04 18:50:25] Início processo V2
[2025-09-04 18:50:25] _map_loaded
[2025-09-04 18:50:25] Existentes (layouts): 7
[2025-09-04 18:50:25] Existentes (paginas): 59
[2025-09-04 18:50:25] Existentes (componentes): 37
[2025-09-04 18:50:25] Existentes (variaveis): 467
[2025-09-04 18:50:25] _collected_summary
[2025-09-04 18:50:25] Dados persistidos + órfãos.
[2025-09-04 18:50:25] 📝 Relatório Final
📦 Layouts: 7
📄 Páginas: 59
🧩 Componentes: 37
🔧 Variáveis: 467
Σ TOTAL: 570
🗃️ Órfãos: 0
✅ Nenhum problema de unicidade adicional.

[2025-09-04 18:50:25] Fim processo V2 OK
[2025-09-04 18:52:20] Início processo V2
[2025-09-04 18:52:20] _map_loaded
[2025-09-04 18:52:20] Existentes (layouts): 7
[2025-09-04 18:52:20] Existentes (paginas): 59
[2025-09-04 18:52:20] Existentes (componentes): 37
[2025-09-04 18:52:20] Existentes (variaveis): 467
[2025-09-04 18:52:20] _collected_summary
[2025-09-04 18:52:20] Dados persistidos + órfãos.
[2025-09-04 18:52:20] 📝 Relatório Final
📦 Layouts: 7
📄 Páginas: 59
🧩 Componentes: 37
🔧 Variáveis: 467
Σ TOTAL: 570
🗃️ Órfãos: 0
✅ Nenhum problema de unicidade adicional.

[2025-09-04 18:52:20] Fim processo V2 OK
