[2025-09-01 16:37:09] Início processo V2
[2025-09-01 16:37:09] _map_loaded
[2025-09-01 16:37:09] ORIGIN_UPDATE components id=botao-superior-interface lang=pt-br version 1.5=>1.6
[2025-09-01 16:37:09] ORIGIN_FILE_SAVED C:\Users\otavi\OneDrive\Documentos\GIT\conn2flow\gestor\resources\pt-br\components.json
[2025-09-01 16:37:09] ORIGIN_UPDATE_MODULE modulo=admin-componentes tipo=pages id=admin-componentes-adicionar lang=pt-br version 1.1=>1.2
[2025-09-01 16:37:09] ORIGIN_UPDATE_MODULE modulo=admin-componentes tipo=pages id=admin-componentes-editar lang=pt-br version 1.1=>1.2
[2025-09-01 16:37:09] ORIGIN_FILE_SAVED_MODULE C:\Users\otavi\OneDrive\Documentos\GIT\conn2flow\gestor\modulos\admin-componentes\admin-componentes.json
[2025-09-01 16:37:09] ORIGIN_UPDATE_MODULE modulo=admin-layouts tipo=pages id=admin-layouts-editar lang=pt-br version 1.3=>1.4
[2025-09-01 16:37:09] ORIGIN_UPDATE_MODULE modulo=admin-layouts tipo=pages id=admin-layouts-adicionar lang=pt-br version 1.3=>1.4
[2025-09-01 16:37:09] ORIGIN_FILE_SAVED_MODULE C:\Users\otavi\OneDrive\Documentos\GIT\conn2flow\gestor\modulos\admin-layouts\admin-layouts.json
[2025-09-01 16:37:09] Existentes (layouts): 0
[2025-09-01 16:37:09] Existentes (paginas): 0
[2025-09-01 16:37:09] Existentes (componentes): 0
[2025-09-01 16:37:09] Existentes (variaveis): 0
[2025-09-01 16:37:09] _collected_summary
[2025-09-01 16:37:09] Dados persistidos + órfãos.
[2025-09-01 16:37:09] 📝 Relatório Final
📦 Layouts: 7
📄 Páginas: 64
🧩 Componentes: 36
🔧 Variáveis: 648
Σ TOTAL: 755
🗃️ Órfãos: 0
✅ Nenhum problema de unicidade adicional.

[2025-09-01 16:37:09] Fim processo V2 OK
[2025-09-01 16:44:27] Início processo V2
[2025-09-01 16:44:27] _map_loaded
[2025-09-01 16:44:27] Existentes (layouts): 7
[2025-09-01 16:44:27] Existentes (paginas): 64
[2025-09-01 16:44:27] Existentes (componentes): 36
[2025-09-01 16:44:27] Existentes (variaveis): 0
[2025-09-01 16:44:27] _collected_summary
[2025-09-01 16:44:27] Dados persistidos + órfãos.
[2025-09-01 16:44:27] 📝 Relatório Final
📦 Layouts: 7
📄 Páginas: 64
🧩 Componentes: 36
🔧 Variáveis: 468
Σ TOTAL: 575
🗃️ Órfãos: 0
✅ Nenhum problema de unicidade adicional.

[2025-09-01 16:44:27] Fim processo V2 OK
[2025-09-01 17:20:03] Início processo V2
[2025-09-01 17:20:03] _map_loaded
[2025-09-01 17:20:03] Existentes (layouts): 7
[2025-09-01 17:20:03] Existentes (paginas): 64
[2025-09-01 17:20:03] Existentes (componentes): 36
[2025-09-01 17:20:03] Existentes (variaveis): 468
[2025-09-01 17:20:03] _collected_summary
[2025-09-01 17:20:03] Dados persistidos + órfãos.
[2025-09-01 17:20:03] 📝 Relatório Final
📦 Layouts: 7
📄 Páginas: 64
🧩 Componentes: 36
🔧 Variáveis: 468
Σ TOTAL: 575
🗃️ Órfãos: 0
✅ Nenhum problema de unicidade adicional.

[2025-09-01 17:20:03] Fim processo V2 OK
[2025-09-01 17:20:31] Início processo V2
[2025-09-01 17:20:31] _map_loaded
[2025-09-01 17:20:31] Existentes (layouts): 7
[2025-09-01 17:20:31] Existentes (paginas): 64
[2025-09-01 17:20:31] Existentes (componentes): 36
[2025-09-01 17:20:31] Existentes (variaveis): 0
[2025-09-01 17:20:31] _collected_summary
[2025-09-01 17:20:31] Dados persistidos + órfãos.
[2025-09-01 17:20:31] 📝 Relatório Final
📦 Layouts: 7
📄 Páginas: 64
🧩 Componentes: 36
🔧 Variáveis: 468
Σ TOTAL: 575
🗃️ Órfãos: 0
✅ Nenhum problema de unicidade adicional.

[2025-09-01 17:20:31] Fim processo V2 OK
[2025-09-01 21:23:30] Início processo V2
[2025-09-01 21:23:30] _map_loaded
[2025-09-01 21:23:30] ORIGIN_UPDATE components id=interface-listar lang=pt-br version 1.2=>1.3
[2025-09-01 21:23:30] ORIGIN_FILE_SAVED C:\Users\otavi\OneDrive\Documentos\GIT\conn2flow\gestor\resources\pt-br\components.json
[2025-09-01 21:23:30] ORIGIN_UPDATE_MODULE modulo=admin-arquivos tipo=components id=arquivos-lista lang=pt-br version 1.2=>1.3
[2025-09-01 21:23:30] ORIGIN_UPDATE_MODULE modulo=admin-arquivos tipo=pages id=admin-arquivos-adicionar lang=pt-br version 1.1=>1.2
[2025-09-01 21:23:30] ORIGIN_FILE_SAVED_MODULE C:\Users\otavi\OneDrive\Documentos\GIT\conn2flow\gestor\modulos\admin-arquivos\admin-arquivos.json
[2025-09-01 21:23:30] ORIGIN_UPDATE_MODULE modulo=admin-paginas tipo=components id=lista-pagina-ou-sistema lang=pt-br version 1.0=>1.1
[2025-09-01 21:23:30] ORIGIN_FILE_SAVED_MODULE C:\Users\otavi\OneDrive\Documentos\GIT\conn2flow\gestor\modulos\admin-paginas\admin-paginas.json
[2025-09-01 21:23:30] Existentes (layouts): 7
[2025-09-01 21:23:30] Existentes (paginas): 64
[2025-09-01 21:23:30] Existentes (componentes): 36
[2025-09-01 21:23:30] Existentes (variaveis): 468
[2025-09-01 21:23:30] _collected_summary
[2025-09-01 21:23:30] Dados persistidos + órfãos.
[2025-09-01 21:23:30] 📝 Relatório Final
📦 Layouts: 7
📄 Páginas: 59
🧩 Componentes: 37
🔧 Variáveis: 461
Σ TOTAL: 564
🗃️ Órfãos: 0
✅ Nenhum problema de unicidade adicional.

[2025-09-01 21:23:30] Fim processo V2 OK
[2025-09-01 21:31:37] Início processo V2
[2025-09-01 21:31:37] _map_loaded
[2025-09-01 21:31:37] Existentes (layouts): 7
[2025-09-01 21:31:37] Existentes (paginas): 59
[2025-09-01 21:31:37] Existentes (componentes): 37
[2025-09-01 21:31:37] Existentes (variaveis): 461
[2025-09-01 21:31:37] _collected_summary
[2025-09-01 21:31:37] Dados persistidos + órfãos.
[2025-09-01 21:31:37] 📝 Relatório Final
📦 Layouts: 7
📄 Páginas: 59
🧩 Componentes: 37
🔧 Variáveis: 464
Σ TOTAL: 567
🗃️ Órfãos: 0
✅ Nenhum problema de unicidade adicional.

[2025-09-01 21:31:37] Fim processo V2 OK
[2025-09-01 21:35:26] Início processo V2
[2025-09-01 21:35:26] _map_loaded
[2025-09-01 21:35:26] ORIGIN_UPDATE_MODULE modulo=admin-paginas tipo=components id=lista-pagina-ou-sistema lang=pt-br version 1.1=>1.2
[2025-09-01 21:35:26] ORIGIN_FILE_SAVED_MODULE C:\Users\otavi\OneDrive\Documentos\GIT\conn2flow\gestor\modulos\admin-paginas\admin-paginas.json
[2025-09-01 21:35:26] Existentes (layouts): 7
[2025-09-01 21:35:26] Existentes (paginas): 59
[2025-09-01 21:35:26] Existentes (componentes): 37
[2025-09-01 21:35:26] Existentes (variaveis): 464
[2025-09-01 21:35:26] _collected_summary
[2025-09-01 21:35:26] Dados persistidos + órfãos.
[2025-09-01 21:35:26] 📝 Relatório Final
📦 Layouts: 7
📄 Páginas: 59
🧩 Componentes: 37
🔧 Variáveis: 465
Σ TOTAL: 568
🗃️ Órfãos: 0
✅ Nenhum problema de unicidade adicional.

[2025-09-01 21:35:26] Fim processo V2 OK
[2025-09-01 22:31:27] Início processo V2
[2025-09-01 22:31:27] _map_loaded
[2025-09-01 22:31:27] ORIGIN_UPDATE_MODULE modulo=admin-paginas tipo=components id=lista-pagina-ou-sistema lang=pt-br version 1.2=>1.3
[2025-09-01 22:31:27] ORIGIN_FILE_SAVED_MODULE C:\Users\otavi\OneDrive\Documentos\GIT\conn2flow\gestor\modulos\admin-paginas\admin-paginas.json
[2025-09-01 22:31:27] Existentes (layouts): 7
[2025-09-01 22:31:27] Existentes (paginas): 59
[2025-09-01 22:31:27] Existentes (componentes): 37
[2025-09-01 22:31:27] Existentes (variaveis): 465
[2025-09-01 22:31:27] _collected_summary
[2025-09-01 22:31:27] Dados persistidos + órfãos.
[2025-09-01 22:31:27] 📝 Relatório Final
📦 Layouts: 7
📄 Páginas: 57
🧩 Componentes: 37
🔧 Variáveis: 465
Σ TOTAL: 566
🗃️ Órfãos: 0
✅ Nenhum problema de unicidade adicional.

[2025-09-01 22:31:27] Fim processo V2 OK
[2025-09-01 22:34:38] Início processo V2
[2025-09-01 22:34:38] _map_loaded
[2025-09-01 22:34:39] Existentes (layouts): 7
[2025-09-01 22:34:39] Existentes (paginas): 57
[2025-09-01 22:34:39] Existentes (componentes): 37
[2025-09-01 22:34:39] Existentes (variaveis): 465
[2025-09-01 22:34:39] _collected_summary
[2025-09-01 22:34:39] Dados persistidos + órfãos.
[2025-09-01 22:34:39] 📝 Relatório Final
📦 Layouts: 7
📄 Páginas: 56
🧩 Componentes: 37
🔧 Variáveis: 465
Σ TOTAL: 565
🗃️ Órfãos: 0
✅ Nenhum problema de unicidade adicional.

[2025-09-01 22:34:39] Fim processo V2 OK
[2025-09-01 22:35:25] Início processo V2
[2025-09-01 22:35:25] _map_loaded
[2025-09-01 22:35:25] Existentes (layouts): 7
[2025-09-01 22:35:25] Existentes (paginas): 56
[2025-09-01 22:35:25] Existentes (componentes): 37
[2025-09-01 22:35:25] Existentes (variaveis): 465
[2025-09-01 22:35:25] _collected_summary
[2025-09-01 22:35:25] Dados persistidos + órfãos.
[2025-09-01 22:35:25] 📝 Relatório Final
📦 Layouts: 7
📄 Páginas: 56
🧩 Componentes: 37
🔧 Variáveis: 465
Σ TOTAL: 565
🗃️ Órfãos: 0
✅ Nenhum problema de unicidade adicional.

[2025-09-01 22:35:25] Fim processo V2 OK
