[2025-09-02 12:54:46] Início processo V2
[2025-09-02 12:54:46] _map_loaded
[2025-09-02 12:54:46] Existentes (layouts): 7
[2025-09-02 12:54:46] Existentes (paginas): 56
[2025-09-02 12:54:46] Existentes (componentes): 37
[2025-09-02 12:54:46] Existentes (variaveis): 465
[2025-09-02 12:54:46] _collected_summary
[2025-09-02 12:54:46] Dados persistidos + órfãos.
[2025-09-02 12:54:46] 📝 Relatório Final
📦 Layouts: 7
📄 Páginas: 59
🧩 Componentes: 37
🔧 Variáveis: 467
Σ TOTAL: 570
🗃️ Órfãos: 0
✅ Nenhum problema de unicidade adicional.

[2025-09-02 12:54:46] Fim processo V2 OK
[2025-09-02 12:59:35] Início processo V2
[2025-09-02 12:59:35] _map_loaded
[2025-09-02 12:59:36] Existentes (layouts): 7
[2025-09-02 12:59:36] Existentes (paginas): 59
[2025-09-02 12:59:36] Existentes (componentes): 37
[2025-09-02 12:59:36] Existentes (variaveis): 467
[2025-09-02 12:59:36] _collected_summary
[2025-09-02 12:59:36] Dados persistidos + órfãos.
[2025-09-02 12:59:36] 📝 Relatório Final
📦 Layouts: 7
📄 Páginas: 59
🧩 Componentes: 37
🔧 Variáveis: 467
Σ TOTAL: 570
🗃️ Órfãos: 0
✅ Nenhum problema de unicidade adicional.

[2025-09-02 12:59:36] Fim processo V2 OK
[2025-09-02 13:32:46] Início processo V2
[2025-09-02 13:32:46] _map_loaded
[2025-09-02 13:32:47] Existentes (layouts): 7
[2025-09-02 13:32:47] Existentes (paginas): 59
[2025-09-02 13:32:47] Existentes (componentes): 37
[2025-09-02 13:32:47] Existentes (variaveis): 467
[2025-09-02 13:32:47] _collected_summary
[2025-09-02 13:32:47] Dados persistidos + órfãos.
[2025-09-02 13:32:47] 📝 Relatório Final
📦 Layouts: 7
📄 Páginas: 59
🧩 Componentes: 37
🔧 Variáveis: 467
Σ TOTAL: 570
🗃️ Órfãos: 0
✅ Nenhum problema de unicidade adicional.

[2025-09-02 13:32:47] Fim processo V2 OK
[2025-09-02 13:39:00] Início processo V2
[2025-09-02 13:39:00] _map_loaded
[2025-09-02 13:39:00] Existentes (layouts): 7
[2025-09-02 13:39:00] Existentes (paginas): 59
[2025-09-02 13:39:00] Existentes (componentes): 37
[2025-09-02 13:39:00] Existentes (variaveis): 467
[2025-09-02 13:39:00] _collected_summary
[2025-09-02 13:39:00] Dados persistidos + órfãos.
[2025-09-02 13:39:00] 📝 Relatório Final
📦 Layouts: 7
📄 Páginas: 59
🧩 Componentes: 37
🔧 Variáveis: 467
Σ TOTAL: 570
🗃️ Órfãos: 0
✅ Nenhum problema de unicidade adicional.

[2025-09-02 13:39:00] Fim processo V2 OK
[2025-09-02 15:00:14] Início processo V2
[2025-09-02 15:00:14] _map_loaded
[2025-09-02 15:00:14] ORIGIN_UPDATE pages id=instalacao-sucesso lang=pt-br version 1.2=>1.3
[2025-09-02 15:00:14] ORIGIN_FILE_SAVED C:\Users\otavi\OneDrive\Documentos\GIT\conn2flow\gestor\resources\pt-br\pages.json
[2025-09-02 15:00:14] Existentes (layouts): 7
[2025-09-02 15:00:14] Existentes (paginas): 59
[2025-09-02 15:00:14] Existentes (componentes): 37
[2025-09-02 15:00:14] Existentes (variaveis): 467
[2025-09-02 15:00:14] _collected_summary
[2025-09-02 15:00:14] Dados persistidos + órfãos.
[2025-09-02 15:00:14] 📝 Relatório Final
📦 Layouts: 7
📄 Páginas: 59
🧩 Componentes: 37
🔧 Variáveis: 467
Σ TOTAL: 570
🗃️ Órfãos: 0
✅ Nenhum problema de unicidade adicional.

[2025-09-02 15:00:14] Fim processo V2 OK
[2025-09-02 15:17:15] Início processo V2
[2025-09-02 15:17:15] _map_loaded
[2025-09-02 15:17:15] Existentes (layouts): 7
[2025-09-02 15:17:15] Existentes (paginas): 59
[2025-09-02 15:17:15] Existentes (componentes): 37
[2025-09-02 15:17:15] Existentes (variaveis): 467
[2025-09-02 15:17:15] _collected_summary
[2025-09-02 15:17:15] Dados persistidos + órfãos.
[2025-09-02 15:17:15] 📝 Relatório Final
📦 Layouts: 7
📄 Páginas: 59
🧩 Componentes: 37
🔧 Variáveis: 467
Σ TOTAL: 570
🗃️ Órfãos: 0
✅ Nenhum problema de unicidade adicional.

[2025-09-02 15:17:15] Fim processo V2 OK
[2025-09-02 16:23:30] Início processo V2
[2025-09-02 16:23:30] _map_loaded
[2025-09-02 16:23:30] Existentes (layouts): 7
[2025-09-02 16:23:30] Existentes (paginas): 59
[2025-09-02 16:23:30] Existentes (componentes): 37
[2025-09-02 16:23:30] Existentes (variaveis): 467
[2025-09-02 16:23:30] _collected_summary
[2025-09-02 16:23:30] Dados persistidos + órfãos.
[2025-09-02 16:23:30] 📝 Relatório Final
📦 Layouts: 7
📄 Páginas: 59
🧩 Componentes: 37
🔧 Variáveis: 467
Σ TOTAL: 570
🗃️ Órfãos: 0
✅ Nenhum problema de unicidade adicional.

[2025-09-02 16:23:30] Fim processo V2 OK
[2025-09-02 17:06:20] Início processo V2
[2025-09-02 17:06:20] _map_loaded
[2025-09-02 17:06:20] Existentes (layouts): 7
[2025-09-02 17:06:20] Existentes (paginas): 59
[2025-09-02 17:06:21] Existentes (componentes): 37
[2025-09-02 17:06:21] Existentes (variaveis): 467
[2025-09-02 17:06:21] _collected_summary
[2025-09-02 17:06:21] Dados persistidos + órfãos.
[2025-09-02 17:06:21] 📝 Relatório Final
📦 Layouts: 7
📄 Páginas: 59
🧩 Componentes: 37
🔧 Variáveis: 467
Σ TOTAL: 570
🗃️ Órfãos: 0
✅ Nenhum problema de unicidade adicional.

[2025-09-02 17:06:21] Fim processo V2 OK
[2025-09-02 17:19:48] Início processo V2
[2025-09-02 17:19:48] _map_loaded
[2025-09-02 17:19:48] Existentes (layouts): 7
[2025-09-02 17:19:48] Existentes (paginas): 59
[2025-09-02 17:19:48] Existentes (componentes): 37
[2025-09-02 17:19:48] Existentes (variaveis): 467
[2025-09-02 17:19:48] _collected_summary
[2025-09-02 17:19:48] Dados persistidos + órfãos.
[2025-09-02 17:19:48] 📝 Relatório Final
📦 Layouts: 7
📄 Páginas: 59
🧩 Componentes: 37
🔧 Variáveis: 467
Σ TOTAL: 570
🗃️ Órfãos: 0
✅ Nenhum problema de unicidade adicional.

[2025-09-02 17:19:49] Fim processo V2 OK
