[2025-09-01 18:23:37] Iniciando rotina de atualização de banco de dados...
[2025-09-01 18:23:37] Executando migrações...
[2025-09-01 18:23:38] [DEBUG] MIGRATING ENV=gestor
[2025-09-01 18:23:38] Migrações concluídas.
[2025-09-01 18:23:38] CHECKSUM_CHANGED_TABLES=componentes,paginas,usuarios_perfis_modulos,variaveis
[2025-09-01 18:23:38] Comparando dados do banco com arquivos Data.json...
[2025-09-01 18:23:38] SKIP_NO_CHECKSUM_CHANGE tabela=categorias
[2025-09-01 18:23:38] Sincronizando tabela componentes ...
[2025-09-01 18:23:38] SYNC_INI tabela=componentes modo=natural qtdJson=37
[2025-09-01 18:23:38] Atualização componentes PK=pt-br|interface-listar Campos: html [<h1 class="ui header">#titulo#</h1>\n<!-- botoes < --><di... => <h1 class="ui header">#titulo#</h1>\n<!-- botoes < -->\n<...], versao [1 => 2], file_version [1.2 => 1.3], checksum [{"html":"7f31481d3494f8a3e043663b21445f04","css":"3609fbb... => {"html":"76139d15005ba763f72ad7adf8bf1170","css":"3609fbb...]
[2025-09-01 18:23:38] Atualização componentes PK=pt-br|arquivos-lista Campos: html [<div class="ui medium header">#categoria#</div>\n<div cla... => <div class="ui medium header">#categoria#</div>\n<div cla...], versao [1 => 2], file_version [1.2 => 1.3], checksum [{"html":"6da8a46c3e87428f93e2c452d47058be","css":"","comb... => {"html":"7fb861d588aebb98b48ff04511e06943","css":"","comb...]
[2025-09-01 18:23:38] SYNC_FIM tabela=componentes +1 ~2 =34 orphans=0 modo=natural
[2025-09-01 18:23:38] Resumo comparação - componentes => inserções=1, atualizações=2, sem_alteracao=34
[2025-09-01 18:23:38] SKIP_NO_CHECKSUM_CHANGE tabela=layouts
[2025-09-01 18:23:38] SKIP_NO_CHECKSUM_CHANGE tabela=modulos
[2025-09-01 18:23:38] SKIP_NO_CHECKSUM_CHANGE tabela=modulos_grupos
[2025-09-01 18:23:38] SKIP_NO_CHECKSUM_CHANGE tabela=modulos_operacoes
[2025-09-01 18:23:38] Sincronizando tabela paginas ...
[2025-09-01 18:23:38] SYNC_INI tabela=paginas modo=natural qtdJson=59
[2025-09-01 18:23:38] Atualização paginas PK=pt-br||404-pagina-nao-encontrada Campos: versao [3 => 1]
[2025-09-01 18:23:38] Atualização paginas PK=pt-br||instalacao-sucesso Campos: html [\n<div class="ui main container">\n    <div class="ui cen... => <div style="text-align: center; padding: 40px; font-famil...], css [\nbody {\n    background: linear-gradient(135deg, #667eea... => body {\n    background: linear-gradient(135deg, #667eea 0...]
[2025-09-01 18:23:39] Atualização paginas PK=pt-br|admin-arquivos|admin-arquivos-adicionar Campos: html [<!-- botao-voltar < -->\n<a class="botaoVoltar" href="#ur... => <!-- botao-voltar < -->\n<a class="botaoVoltar" href="#ur...], versao [1 => 2], file_version [1.1 => 1.2], checksum [{"html":"394122d6c6e3f8ba4ac350a5d7791b33","css":"938b9fe... => {"html":"e92d605fe333091027237714997c2779","css":"938b9fe...]
[2025-09-01 18:23:39] ORPHAN_DB_ROW_NAT tabela=paginas chave=pt-br|admin-plugins|admin-plugins
[2025-09-01 18:23:39] ORPHAN_DB_ROW_NAT tabela=paginas chave=pt-br|admin-plugins|admin-plugins-adicionar
[2025-09-01 18:23:39] ORPHAN_DB_ROW_NAT tabela=paginas chave=pt-br|admin-plugins|admin-plugins-editar
[2025-09-01 18:23:39] ORPHAN_DB_ROW_NAT tabela=paginas chave=pt-br|testes|pagina-de-testes
[2025-09-01 18:23:39] ORPHAN_DB_ROW_NAT tabela=paginas chave=pt-br|testes|sem-permissao-teste
[2025-09-01 18:23:39] ORPHANS_EXPORTED tabela=paginas qtd=5 arquivo="/var/www/sites/localhost/conn2flow-gestor/db/orphans/bd/paginas-orphans-20250901-182339.json"
[2025-09-01 18:23:39] SYNC_FIM tabela=paginas +0 ~3 =56 orphans=5 modo=natural
[2025-09-01 18:23:39] Resumo comparação - paginas => inserções=0, atualizações=3, sem_alteracao=56
[2025-09-01 18:23:39] SKIP_NO_CHECKSUM_CHANGE tabela=usuarios
[2025-09-01 18:23:39] SKIP_NO_CHECKSUM_CHANGE tabela=usuarios_perfis
[2025-09-01 18:23:39] Sincronizando tabela usuarios_perfis_modulos ...
[2025-09-01 18:23:39] SYNC_INI tabela=usuarios_perfis_modulos modo=pk qtdJson=17
[2025-09-01 18:23:39] Atualização usuarios_perfis_modulos PK=14 Campos: modulo [testes => admin-componentes]
[2025-09-01 18:23:39] Atualização usuarios_perfis_modulos PK=15 Campos: modulo [admin-componentes => admin-hosts]
[2025-09-01 18:23:39] Atualização usuarios_perfis_modulos PK=16 Campos: modulo [admin-hosts => usuarios-hospedeiro-perfis-admin]
[2025-09-01 18:23:39] Atualização usuarios_perfis_modulos PK=17 Campos: modulo [admin-plugins => admin-atualizacoes]
[2025-09-01 18:23:39] ORPHAN_DB_ROW tabela=usuarios_perfis_modulos pk=18
[2025-09-01 18:23:39] ORPHAN_DB_ROW tabela=usuarios_perfis_modulos pk=19
[2025-09-01 18:23:39] ORPHANS_EXPORTED tabela=usuarios_perfis_modulos qtd=2 arquivo="/var/www/sites/localhost/conn2flow-gestor/db/orphans/bd/usuarios_perfis_modulos-orphans-20250901-182339.json"
[2025-09-01 18:23:39] SYNC_FIM tabela=usuarios_perfis_modulos +0 ~4 =15 orphans=2 modo=pk
[2025-09-01 18:23:39] Resumo comparação - usuarios_perfis_modulos => inserções=0, atualizações=4, sem_alteracao=15
[2025-09-01 18:23:39] SKIP_NO_CHECKSUM_CHANGE tabela=usuarios_perfis_modulos_operacoes
[2025-09-01 18:23:39] Sincronizando tabela variaveis ...
[2025-09-01 18:23:39] SYNC_INI tabela=variaveis modo=natural qtdJson=461
[2025-09-01 18:23:39] ORPHAN_DB_ROW_NAT tabela=variaveis chave=pt-br|admin-plugins||form-name-label
[2025-09-01 18:23:39] ORPHAN_DB_ROW_NAT tabela=variaveis chave=pt-br|admin-plugins||form-name-placeholder
[2025-09-01 18:23:39] ORPHAN_DB_ROW_NAT tabela=variaveis chave=pt-br|testes||testebool-2
[2025-09-01 18:23:39] ORPHAN_DB_ROW_NAT tabela=variaveis chave=pt-br|testes||tinymce-novo
[2025-09-01 18:23:39] ORPHAN_DB_ROW_NAT tabela=variaveis chave=pt-br|testes||testeoutro
[2025-09-01 18:23:39] ORPHAN_DB_ROW_NAT tabela=variaveis chave=pt-br|testes||teste-novo
[2025-09-01 18:23:39] ORPHAN_DB_ROW_NAT tabela=variaveis chave=pt-br|testes||teste-html
[2025-09-01 18:23:39] ORPHANS_EXPORTED tabela=variaveis qtd=7 arquivo="/var/www/sites/localhost/conn2flow-gestor/db/orphans/bd/variaveis-orphans-20250901-182339.json"
[2025-09-01 18:23:39] SYNC_FIM tabela=variaveis +0 ~0 =461 orphans=7 modo=natural
[2025-09-01 18:23:39] Resumo comparação - variaveis => inserções=0, atualizações=0, sem_alteracao=461
[2025-09-01 18:23:39] MANAGER_UPDATES_REGISTRADO id=2
[2025-09-01 18:23:39] 📝 Relatório Final Atualização BD
══════════════════════════════════════════════════
📦 componentes => +1 ~2 =34
📦 paginas => +0 ~3 =56
📦 usuarios_perfis_modulos => +0 ~4 =15
📦 variaveis => +0 ~0 =461
Σ TOTAL => +1 ~9 =566

[2025-09-01 18:23:39] Rotina concluída com sucesso.
[2025-09-01 18:31:45] Iniciando rotina de atualização de banco de dados...
[2025-09-01 18:31:45] Executando migrações...
[2025-09-01 18:31:45] [DEBUG] MIGRATING ENV=gestor
[2025-09-01 18:31:46] Migrações concluídas.
[2025-09-01 18:31:46] CHECKSUM_CHANGED_TABLES=variaveis
[2025-09-01 18:31:46] Comparando dados do banco com arquivos Data.json...
[2025-09-01 18:31:46] SKIP_NO_CHECKSUM_CHANGE tabela=categorias
[2025-09-01 18:31:46] SKIP_NO_CHECKSUM_CHANGE tabela=componentes
[2025-09-01 18:31:46] SKIP_NO_CHECKSUM_CHANGE tabela=layouts
[2025-09-01 18:31:46] SKIP_NO_CHECKSUM_CHANGE tabela=modulos
[2025-09-01 18:31:46] SKIP_NO_CHECKSUM_CHANGE tabela=modulos_grupos
[2025-09-01 18:31:46] SKIP_NO_CHECKSUM_CHANGE tabela=modulos_operacoes
[2025-09-01 18:31:46] SKIP_NO_CHECKSUM_CHANGE tabela=paginas
[2025-09-01 18:31:46] SKIP_NO_CHECKSUM_CHANGE tabela=usuarios
[2025-09-01 18:31:46] SKIP_NO_CHECKSUM_CHANGE tabela=usuarios_perfis
[2025-09-01 18:31:46] SKIP_NO_CHECKSUM_CHANGE tabela=usuarios_perfis_modulos
[2025-09-01 18:31:46] SKIP_NO_CHECKSUM_CHANGE tabela=usuarios_perfis_modulos_operacoes
[2025-09-01 18:31:46] Sincronizando tabela variaveis ...
[2025-09-01 18:31:46] SYNC_INI tabela=variaveis modo=natural qtdJson=464
[2025-09-01 18:31:46] ORPHAN_DB_ROW_NAT tabela=variaveis chave=pt-br|admin-plugins||form-name-label
[2025-09-01 18:31:46] ORPHAN_DB_ROW_NAT tabela=variaveis chave=pt-br|admin-plugins||form-name-placeholder
[2025-09-01 18:31:46] ORPHAN_DB_ROW_NAT tabela=variaveis chave=pt-br|testes||testebool-2
[2025-09-01 18:31:46] ORPHAN_DB_ROW_NAT tabela=variaveis chave=pt-br|testes||tinymce-novo
[2025-09-01 18:31:46] ORPHAN_DB_ROW_NAT tabela=variaveis chave=pt-br|testes||testeoutro
[2025-09-01 18:31:46] ORPHAN_DB_ROW_NAT tabela=variaveis chave=pt-br|testes||teste-novo
[2025-09-01 18:31:46] ORPHAN_DB_ROW_NAT tabela=variaveis chave=pt-br|testes||teste-html
[2025-09-01 18:31:46] ORPHANS_EXPORTED tabela=variaveis qtd=7 arquivo="/var/www/sites/localhost/conn2flow-gestor/db/orphans/bd/variaveis-orphans-20250901-183146.json"
[2025-09-01 18:31:46] SYNC_FIM tabela=variaveis +3 ~0 =461 orphans=7 modo=natural
[2025-09-01 18:31:46] Resumo comparação - variaveis => inserções=3, atualizações=0, sem_alteracao=461
[2025-09-01 18:31:46] MANAGER_UPDATES_REGISTRADO id=3
[2025-09-01 18:31:46] 📝 Relatório Final Atualização BD
══════════════════════════════════════════════════
📦 variaveis => +3 ~0 =461
Σ TOTAL => +3 ~0 =461

[2025-09-01 18:31:46] Rotina concluída com sucesso.
[2025-09-01 18:35:33] Iniciando rotina de atualização de banco de dados...
[2025-09-01 18:35:33] Executando migrações...
[2025-09-01 18:35:34] [DEBUG] MIGRATING ENV=gestor
[2025-09-01 18:35:34] Migrações concluídas.
[2025-09-01 18:35:34] CHECKSUM_CHANGED_TABLES=componentes,variaveis
[2025-09-01 18:35:34] Comparando dados do banco com arquivos Data.json...
[2025-09-01 18:35:34] SKIP_NO_CHECKSUM_CHANGE tabela=categorias
[2025-09-01 18:35:34] Sincronizando tabela componentes ...
[2025-09-01 18:35:34] SYNC_INI tabela=componentes modo=natural qtdJson=37
[2025-09-01 18:35:34] Atualização componentes PK=pt-br|lista-pagina-ou-sistema Campos: html [<div class="ui radio checkbox">\n    <input type="radio" ... => <div class="ui form">\n    <div class="inline fields">\n ...], versao [1 => 2], file_version [1.1 => 1.2], checksum [{"html":"e997149962124905515b22db90aea7d7","css":"","comb... => {"html":"af5ee1343f7833e77784484362b40086","css":"","comb...]
[2025-09-01 18:35:34] SYNC_FIM tabela=componentes +0 ~1 =36 orphans=0 modo=natural
[2025-09-01 18:35:34] Resumo comparação - componentes => inserções=0, atualizações=1, sem_alteracao=36
[2025-09-01 18:35:34] SKIP_NO_CHECKSUM_CHANGE tabela=layouts
[2025-09-01 18:35:34] SKIP_NO_CHECKSUM_CHANGE tabela=modulos
[2025-09-01 18:35:34] SKIP_NO_CHECKSUM_CHANGE tabela=modulos_grupos
[2025-09-01 18:35:34] SKIP_NO_CHECKSUM_CHANGE tabela=modulos_operacoes
[2025-09-01 18:35:34] SKIP_NO_CHECKSUM_CHANGE tabela=paginas
[2025-09-01 18:35:34] SKIP_NO_CHECKSUM_CHANGE tabela=usuarios
[2025-09-01 18:35:34] SKIP_NO_CHECKSUM_CHANGE tabela=usuarios_perfis
[2025-09-01 18:35:34] SKIP_NO_CHECKSUM_CHANGE tabela=usuarios_perfis_modulos
[2025-09-01 18:35:34] SKIP_NO_CHECKSUM_CHANGE tabela=usuarios_perfis_modulos_operacoes
[2025-09-01 18:35:34] Sincronizando tabela variaveis ...
[2025-09-01 18:35:34] SYNC_INI tabela=variaveis modo=natural qtdJson=465
[2025-09-01 18:35:34] ORPHAN_DB_ROW_NAT tabela=variaveis chave=pt-br|admin-plugins||form-name-label
[2025-09-01 18:35:34] ORPHAN_DB_ROW_NAT tabela=variaveis chave=pt-br|admin-plugins||form-name-placeholder
[2025-09-01 18:35:34] ORPHAN_DB_ROW_NAT tabela=variaveis chave=pt-br|testes||testebool-2
[2025-09-01 18:35:34] ORPHAN_DB_ROW_NAT tabela=variaveis chave=pt-br|testes||tinymce-novo
[2025-09-01 18:35:34] ORPHAN_DB_ROW_NAT tabela=variaveis chave=pt-br|testes||testeoutro
[2025-09-01 18:35:34] ORPHAN_DB_ROW_NAT tabela=variaveis chave=pt-br|testes||teste-novo
[2025-09-01 18:35:34] ORPHAN_DB_ROW_NAT tabela=variaveis chave=pt-br|testes||teste-html
[2025-09-01 18:35:34] ORPHANS_EXPORTED tabela=variaveis qtd=7 arquivo="/var/www/sites/localhost/conn2flow-gestor/db/orphans/bd/variaveis-orphans-20250901-183534.json"
[2025-09-01 18:35:34] SYNC_FIM tabela=variaveis +1 ~0 =464 orphans=7 modo=natural
[2025-09-01 18:35:34] Resumo comparação - variaveis => inserções=1, atualizações=0, sem_alteracao=464
[2025-09-01 18:35:34] MANAGER_UPDATES_REGISTRADO id=4
[2025-09-01 18:35:34] 📝 Relatório Final Atualização BD
══════════════════════════════════════════════════
📦 componentes => +0 ~1 =36
📦 variaveis => +1 ~0 =464
Σ TOTAL => +1 ~1 =500

[2025-09-01 18:35:34] Rotina concluída com sucesso.
[2025-09-01 19:30:20] Iniciando rotina de atualização de banco de dados...
[2025-09-01 19:30:20] Executando migrações...
[2025-09-01 19:30:20] [DEBUG] MIGRATING ENV=gestor
[2025-09-01 19:30:21] [PHINX] == 20250723165435 CreateAcessosTable: migrating 
[2025-09-01 19:30:21] [PHINX]  == 20250723165435 CreateAcessosTable: migrated 0.0298s
[2025-09-01 19:30:21] [PHINX]  == 20250723165436 CreateArquivosTable: migrating 
[2025-09-01 19:30:21] [PHINX]  == 20250723165436 CreateArquivosTable: migrated 0.0302s
[2025-09-01 19:30:21] [PHINX]  == 20250723165437 CreateArquivosCategoriasTable: migrating 
[2025-09-01 19:30:21] [PHINX]  == 20250723165437 CreateArquivosCategoriasTable: migrated 0.0282s
[2025-09-01 19:30:21] [PHINX]  == 20250723165438 CreateBackupCamposTable: migrating 
[2025-09-01 19:30:21] [PHINX]  == 20250723165438 CreateBackupCamposTable: migrated 0.0254s
[2025-09-01 19:30:21] [PHINX]  == 20250723165439 CreateCategoriasTable: migrating 
[2025-09-01 19:30:22] [PHINX]  == 20250723165439 CreateCategoriasTable: migrated 0.0274s
[2025-09-01 19:30:22] [PHINX]  == 20250723165440 CreateComponentesTable: migrating 
[2025-09-01 19:30:22] [PHINX]  == 20250723165440 CreateComponentesTable: migrated 0.0619s
[2025-09-01 19:30:22] [PHINX]  == 20250723165441 CreateHistoricoTable: migrating 
[2025-09-01 19:30:22] [PHINX]  == 20250723165441 CreateHistoricoTable: migrated 0.0295s
[2025-09-01 19:30:22] [PHINX]  == 20250723165526 CreateLayoutsTable: migrating 
[2025-09-01 19:30:22] [PHINX]  == 20250723165526 CreateLayoutsTable: migrated 0.0412s
[2025-09-01 19:30:22] [PHINX]  == 20250723165527 CreateModulosTable: migrating 
[2025-09-01 19:30:22] [PHINX]  == 20250723165527 CreateModulosTable: migrated 0.0287s
[2025-09-01 19:30:22] [PHINX]  == 20250723165528 CreateModulosGruposTable: migrating 
[2025-09-01 19:30:22] [PHINX]  == 20250723165528 CreateModulosGruposTable: migrated 0.0255s
[2025-09-01 19:30:22] [PHINX]  == 20250723165529 CreateModulosOperacoesTable: migrating 
[2025-09-01 19:30:22] [PHINX]  == 20250723165529 CreateModulosOperacoesTable: migrated 0.0257s
[2025-09-01 19:30:22] [PHINX]  == 20250723165530 CreatePaginasTable: migrating 
[2025-09-01 19:30:22] [PHINX]  == 20250723165530 CreatePaginasTable: migrated 0.0472s
[2025-09-01 19:30:22] [PHINX]  == 20250723165531 CreatePaginas301Table: migrating 
[2025-09-01 19:30:22] [PHINX]  == 20250723165531 CreatePaginas301Table: migrated 0.0262s
[2025-09-01 19:30:22] [PHINX]  == 20250723165533 CreatePluginsTable: migrating 
[2025-09-01 19:30:22] [PHINX]  == 20250723165533 CreatePluginsTable: migrated 0.0288s
[2025-09-01 19:30:22] [PHINX]  == 20250723165534 CreateSessoesTable: migrating 
[2025-09-01 19:30:22] [PHINX]  == 20250723165534 CreateSessoesTable: migrated 0.0263s
[2025-09-01 19:30:22] [PHINX]  == 20250723165535 CreateSessoesVariaveisTable: migrating 
[2025-09-01 19:30:22] [PHINX]  == 20250723165535 CreateSessoesVariaveisTable: migrated 0.0243s
[2025-09-01 19:30:22] [PHINX]  == 20250723165537 CreateTokensTable: migrating 
[2025-09-01 19:30:22] [PHINX]  == 20250723165537 CreateTokensTable: migrated 0.0259s
[2025-09-01 19:30:22] [PHINX]  == 20250723165538 CreateUsuariosTable: migrating 
[2025-09-01 19:30:22] [PHINX]  == 20250723165538 CreateUsuariosTable: migrated 0.0288s
[2025-09-01 19:30:22] [PHINX]  == 20250723165543 CreateUsuariosPerfisTable: migrating 
[2025-09-01 19:30:22] [PHINX]  == 20250723165543 CreateUsuariosPerfisTable: migrated 0.0237s
[2025-09-01 19:30:22] [PHINX]  == 20250723165544 CreateUsuariosPerfisModulosTable: migrating 
[2025-09-01 19:30:22] [PHINX]  == 20250723165544 CreateUsuariosPerfisModulosTable: migrated 0.0343s
[2025-09-01 19:30:22] [PHINX]  == 20250723165545 CreateUsuariosPerfisModulosOperacoesTable: migrating 
[2025-09-01 19:30:22] [PHINX]  == 20250723165545 CreateUsuariosPerfisModulosOperacoesTable: migrated 0.0234s
[2025-09-01 19:30:22] [PHINX]  == 20250723165548 CreateUsuariosTokensTable: migrating 
[2025-09-01 19:30:22] [PHINX]  == 20250723165548 CreateUsuariosTokensTable: migrated 0.0305s
[2025-09-01 19:30:22] [PHINX]  == 20250723165549 CreateVariaveisTable: migrating 
[2025-09-01 19:30:22] [PHINX]  == 20250723165549 CreateVariaveisTable: migrated 0.0262s
[2025-09-01 19:30:22] [PHINX]  == 20250813153000 AlterComponentesIndexIdLanguage: migrating 
[2025-09-01 19:30:22] [PHINX]  == 20250813153000 AlterComponentesIndexIdLanguage: migrated 0.0692s
[2025-09-01 19:30:22] [PHINX]  == 20250813170000 AlterPaginasIndexIdLanguage: migrating 
[2025-09-01 19:30:22] [PHINX]  == 20250813170000 AlterPaginasIndexIdLanguage: migrated 0.0432s
[2025-09-01 19:30:22] [PHINX]  == 20250813170010 AlterLayoutsIndexIdLanguage: migrating 
[2025-09-01 19:30:22] [PHINX]  == 20250813170010 AlterLayoutsIndexIdLanguage: migrated 0.0383s
[2025-09-01 19:30:22] [PHINX]  == 20250814130000 AlterPaginasAddUpdatedFlags: migrating 
[2025-09-01 19:30:22] [PHINX]  == 20250814130000 AlterPaginasAddUpdatedFlags: migrated 0.0664s
[2025-09-01 19:30:22] [PHINX]  == 20250814130010 AlterLayoutsAddUpdatedFlags: migrating 
[2025-09-01 19:30:22] [PHINX]  == 20250814130010 AlterLayoutsAddUpdatedFlags: migrated 0.0581s
[2025-09-01 19:30:22] [PHINX]  == 20250814130020 AlterComponentesAddUpdatedFlags: migrating 
[2025-09-01 19:30:22] [PHINX]  == 20250814130020 AlterComponentesAddUpdatedFlags: migrated 0.0575s
[2025-09-01 19:30:22] [PHINX]  == 20250814130030 AlterVariaveisAddUpdatedFlags: migrating 
[2025-09-01 19:30:22] [PHINX]  == 20250814130030 AlterVariaveisAddUpdatedFlags: migrated 0.0432s
[2025-09-01 19:30:22] [PHINX]  == 20250814140000 CreateManagerUpdatesTable: migrating 
[2025-09-01 19:30:22] [PHINX]  == 20250814140000 CreateManagerUpdatesTable: migrated 0.0311s
[2025-09-01 19:30:22] [PHINX]  == 20250814141000 CreateAtualizacoesExecucoesTable: migrating 
[2025-09-01 19:30:22] [PHINX]  == 20250814141000 CreateAtualizacoesExecucoesTable: migrated 0.0403s
[2025-09-01 19:30:22] [PHINX]  == 20250827110000 AlterLayoutsAddFrameworkCss: migrating 
[2025-09-01 19:30:22] [PHINX]  == 20250827110000 AlterLayoutsAddFrameworkCss: migrated 0.0573s
[2025-09-01 19:30:22] [PHINX]  == 20250827110010 AlterPaginasAddFrameworkCss: migrating 
[2025-09-01 19:30:22] [PHINX]  == 20250827110010 AlterPaginasAddFrameworkCss: migrated 0.0636s
[2025-09-01 19:30:22] [PHINX]  == 20250827110020 AlterComponentesAddFrameworkCss: migrating 
[2025-09-01 19:30:22] [PHINX]  == 20250827110020 AlterComponentesAddFrameworkCss: migrated 0.0586s
[2025-09-01 19:30:22] Migrações concluídas.
[2025-09-01 19:30:22] CHECKSUM_PRIMEIRA_ATUALIZACAO
[2025-09-01 19:30:22] Comparando dados do banco com arquivos Data.json...
[2025-09-01 19:30:22] Sincronizando tabela categorias ...
[2025-09-01 19:30:22] Resumo comparação - categorias => inserções=1, atualizações=0, sem_alteracao=0
[2025-09-01 19:30:22] Sincronizando tabela componentes ...
[2025-09-01 19:30:23] Resumo comparação - componentes => inserções=37, atualizações=0, sem_alteracao=0
[2025-09-01 19:30:23] Sincronizando tabela layouts ...
[2025-09-01 19:30:23] Resumo comparação - layouts => inserções=7, atualizações=0, sem_alteracao=0
[2025-09-01 19:30:23] Sincronizando tabela modulos ...
[2025-09-01 19:30:23] Resumo comparação - modulos => inserções=17, atualizações=0, sem_alteracao=0
[2025-09-01 19:30:23] Sincronizando tabela modulos_grupos ...
[2025-09-01 19:30:23] Resumo comparação - modulos_grupos => inserções=4, atualizações=0, sem_alteracao=0
[2025-09-01 19:30:23] Sincronizando tabela modulos_operacoes ...
[2025-09-01 19:30:23] Resumo comparação - modulos_operacoes => inserções=1, atualizações=0, sem_alteracao=0
[2025-09-01 19:30:23] Sincronizando tabela paginas ...
[2025-09-01 19:30:23] Resumo comparação - paginas => inserções=59, atualizações=0, sem_alteracao=0
[2025-09-01 19:30:23] Sincronizando tabela usuarios ...
[2025-09-01 19:30:23] Resumo comparação - usuarios => inserções=1, atualizações=0, sem_alteracao=0
[2025-09-01 19:30:23] Sincronizando tabela usuarios_perfis ...
[2025-09-01 19:30:23] Resumo comparação - usuarios_perfis => inserções=1, atualizações=0, sem_alteracao=0
[2025-09-01 19:30:23] Sincronizando tabela usuarios_perfis_modulos ...
[2025-09-01 19:30:23] Resumo comparação - usuarios_perfis_modulos => inserções=17, atualizações=0, sem_alteracao=0
[2025-09-01 19:30:23] Sincronizando tabela usuarios_perfis_modulos_operacoes ...
[2025-09-01 19:30:23] Resumo comparação - usuarios_perfis_modulos_operacoes => inserções=1, atualizações=0, sem_alteracao=0
[2025-09-01 19:30:23] Sincronizando tabela variaveis ...
[2025-09-01 19:30:25] Resumo comparação - variaveis => inserções=465, atualizações=0, sem_alteracao=0
[2025-09-01 19:30:25] MANAGER_UPDATES_REGISTRADO id=1
[2025-09-01 19:30:25] 📝 Relatório Final Atualização BD
══════════════════════════════════════════════════
📦 categorias => +1 ~0 =0
📦 componentes => +37 ~0 =0
📦 layouts => +7 ~0 =0
📦 modulos => +17 ~0 =0
📦 modulos_grupos => +4 ~0 =0
📦 modulos_operacoes => +1 ~0 =0
📦 paginas => +59 ~0 =0
📦 usuarios => +1 ~0 =0
📦 usuarios_perfis => +1 ~0 =0
📦 usuarios_perfis_modulos => +17 ~0 =0
📦 usuarios_perfis_modulos_operacoes => +1 ~0 =0
📦 variaveis => +465 ~0 =0
Σ TOTAL => +611 ~0 =0

[2025-09-01 19:30:25] Rotina concluída com sucesso.
[2025-09-01 19:31:09] Iniciando rotina de atualização de banco de dados...
[2025-09-01 19:31:09] Executando migrações...
[2025-09-01 19:31:09] [DEBUG] MIGRATING ENV=gestor
[2025-09-01 19:31:09] Migrações concluídas.
[2025-09-01 19:31:09] WARN lendo manager_updates: SQLSTATE[42S02]: Base table or view not found: 1146 Table...
[2025-09-01 19:31:09] CHECKSUM_PRIMEIRA_ATUALIZACAO
[2025-09-01 19:31:09] Comparando dados do banco com arquivos Data.json...
[2025-09-01 19:31:09] WARN registrar manager_updates: SQLSTATE[42S02]: Base table or view not found: 1146 Table...
[2025-09-01 19:31:09] 📝 Relatório Final Atualização BD
══════════════════════════════════════════════════
Σ TOTAL => +0 ~0 =0

[2025-09-01 19:31:09] Rotina concluída com sucesso.
[2025-09-01 19:31:35] Iniciando rotina de atualização de banco de dados...
[2025-09-01 19:31:35] Executando migrações...
[2025-09-01 19:31:35] [DEBUG] MIGRATING ENV=gestor
[2025-09-01 19:31:37] [PHINX] == 20250723165435 CreateAcessosTable: migrating 
[2025-09-01 19:31:37] [PHINX]  == 20250723165435 CreateAcessosTable: migrated 0.1096s
[2025-09-01 19:31:37] [PHINX]  == 20250723165436 CreateArquivosTable: migrating 
[2025-09-01 19:31:37] [PHINX]  == 20250723165436 CreateArquivosTable: migrated 0.0277s
[2025-09-01 19:31:37] [PHINX]  == 20250723165437 CreateArquivosCategoriasTable: migrating 
[2025-09-01 19:31:37] [PHINX]  == 20250723165437 CreateArquivosCategoriasTable: migrated 0.0308s
[2025-09-01 19:31:37] [PHINX]  == 20250723165438 CreateBackupCamposTable: migrating 
[2025-09-01 19:31:37] [PHINX]  == 20250723165438 CreateBackupCamposTable: migrated 0.0290s
[2025-09-01 19:31:37] [PHINX]  == 20250723165439 CreateCategoriasTable: migrating 
[2025-09-01 19:31:37] [PHINX]  == 20250723165439 CreateCategoriasTable: migrated 0.0309s
[2025-09-01 19:31:37] [PHINX]  == 20250723165440 CreateComponentesTable: migrating 
[2025-09-01 19:31:37] [PHINX]  == 20250723165440 CreateComponentesTable: migrated 0.0617s
[2025-09-01 19:31:37] [PHINX]  == 20250723165441 CreateHistoricoTable: migrating 
[2025-09-01 19:31:37] [PHINX]  == 20250723165441 CreateHistoricoTable: migrated 0.0356s
[2025-09-01 19:31:37] [PHINX]  == 20250723165526 CreateLayoutsTable: migrating 
[2025-09-01 19:31:37] [PHINX]  == 20250723165526 CreateLayoutsTable: migrated 0.0387s
[2025-09-01 19:31:37] [PHINX]  == 20250723165527 CreateModulosTable: migrating 
[2025-09-01 19:31:37] [PHINX]  == 20250723165527 CreateModulosTable: migrated 0.0273s
[2025-09-01 19:31:37] [PHINX]  == 20250723165528 CreateModulosGruposTable: migrating 
[2025-09-01 19:31:37] [PHINX]  == 20250723165528 CreateModulosGruposTable: migrated 0.0296s
[2025-09-01 19:31:37] [PHINX]  == 20250723165529 CreateModulosOperacoesTable: migrating 
[2025-09-01 19:31:37] [PHINX]  == 20250723165529 CreateModulosOperacoesTable: migrated 0.0269s
[2025-09-01 19:31:37] [PHINX]  == 20250723165530 CreatePaginasTable: migrating 
[2025-09-01 19:31:37] [PHINX]  == 20250723165530 CreatePaginasTable: migrated 0.0450s
[2025-09-01 19:31:37] [PHINX]  == 20250723165531 CreatePaginas301Table: migrating 
[2025-09-01 19:31:37] [PHINX]  == 20250723165531 CreatePaginas301Table: migrated 0.0277s
[2025-09-01 19:31:37] [PHINX]  == 20250723165533 CreatePluginsTable: migrating 
[2025-09-01 19:31:37] [PHINX]  == 20250723165533 CreatePluginsTable: migrated 0.0269s
[2025-09-01 19:31:37] [PHINX]  == 20250723165534 CreateSessoesTable: migrating 
[2025-09-01 19:31:37] [PHINX]  == 20250723165534 CreateSessoesTable: migrated 0.0292s
[2025-09-01 19:31:37] [PHINX]  == 20250723165535 CreateSessoesVariaveisTable: migrating 
[2025-09-01 19:31:37] [PHINX]  == 20250723165535 CreateSessoesVariaveisTable: migrated 0.0251s
[2025-09-01 19:31:37] [PHINX]  == 20250723165537 CreateTokensTable: migrating 
[2025-09-01 19:31:37] [PHINX]  == 20250723165537 CreateTokensTable: migrated 0.0262s
[2025-09-01 19:31:37] [PHINX]  == 20250723165538 CreateUsuariosTable: migrating 
[2025-09-01 19:31:37] [PHINX]  == 20250723165538 CreateUsuariosTable: migrated 0.0281s
[2025-09-01 19:31:37] [PHINX]  == 20250723165543 CreateUsuariosPerfisTable: migrating 
[2025-09-01 19:31:37] [PHINX]  == 20250723165543 CreateUsuariosPerfisTable: migrated 0.0265s
[2025-09-01 19:31:37] [PHINX]  == 20250723165544 CreateUsuariosPerfisModulosTable: migrating 
[2025-09-01 19:31:37] [PHINX]  == 20250723165544 CreateUsuariosPerfisModulosTable: migrated 0.0250s
[2025-09-01 19:31:37] [PHINX]  == 20250723165545 CreateUsuariosPerfisModulosOperacoesTable: migrating 
[2025-09-01 19:31:37] [PHINX]  == 20250723165545 CreateUsuariosPerfisModulosOperacoesTable: migrated 0.0274s
[2025-09-01 19:31:37] [PHINX]  == 20250723165548 CreateUsuariosTokensTable: migrating 
[2025-09-01 19:31:37] [PHINX]  == 20250723165548 CreateUsuariosTokensTable: migrated 0.0300s
[2025-09-01 19:31:37] [PHINX]  == 20250723165549 CreateVariaveisTable: migrating 
[2025-09-01 19:31:37] [PHINX]  == 20250723165549 CreateVariaveisTable: migrated 0.0271s
[2025-09-01 19:31:37] [PHINX]  == 20250813153000 AlterComponentesIndexIdLanguage: migrating 
[2025-09-01 19:31:37] [PHINX]  == 20250813153000 AlterComponentesIndexIdLanguage: migrated 0.0805s
[2025-09-01 19:31:37] [PHINX]  == 20250813170000 AlterPaginasIndexIdLanguage: migrating 
[2025-09-01 19:31:38] [PHINX]  == 20250813170000 AlterPaginasIndexIdLanguage: migrated 0.0613s
[2025-09-01 19:31:38] [PHINX]  == 20250813170010 AlterLayoutsIndexIdLanguage: migrating 
[2025-09-01 19:31:38] [PHINX]  == 20250813170010 AlterLayoutsIndexIdLanguage: migrated 0.0498s
[2025-09-01 19:31:38] [PHINX]  == 20250814130000 AlterPaginasAddUpdatedFlags: migrating 
[2025-09-01 19:31:38] [PHINX]  == 20250814130000 AlterPaginasAddUpdatedFlags: migrated 0.0677s
[2025-09-01 19:31:38] [PHINX]  == 20250814130010 AlterLayoutsAddUpdatedFlags: migrating 
[2025-09-01 19:31:38] [PHINX]  == 20250814130010 AlterLayoutsAddUpdatedFlags: migrated 0.0621s
[2025-09-01 19:31:38] [PHINX]  == 20250814130020 AlterComponentesAddUpdatedFlags: migrating 
[2025-09-01 19:31:38] [PHINX]  == 20250814130020 AlterComponentesAddUpdatedFlags: migrated 0.0625s
[2025-09-01 19:31:38] [PHINX]  == 20250814130030 AlterVariaveisAddUpdatedFlags: migrating 
[2025-09-01 19:31:38] [PHINX]  == 20250814130030 AlterVariaveisAddUpdatedFlags: migrated 0.0431s
[2025-09-01 19:31:38] [PHINX]  == 20250814140000 CreateManagerUpdatesTable: migrating 
[2025-09-01 19:31:38] [PHINX]  == 20250814140000 CreateManagerUpdatesTable: migrated 0.0291s
[2025-09-01 19:31:38] [PHINX]  == 20250814141000 CreateAtualizacoesExecucoesTable: migrating 
[2025-09-01 19:31:38] [PHINX]  == 20250814141000 CreateAtualizacoesExecucoesTable: migrated 0.0424s
[2025-09-01 19:31:38] [PHINX]  == 20250827110000 AlterLayoutsAddFrameworkCss: migrating 
[2025-09-01 19:31:38] [PHINX]  == 20250827110000 AlterLayoutsAddFrameworkCss: migrated 0.0577s
[2025-09-01 19:31:38] [PHINX]  == 20250827110010 AlterPaginasAddFrameworkCss: migrating 
[2025-09-01 19:31:38] [PHINX]  == 20250827110010 AlterPaginasAddFrameworkCss: migrated 0.0638s
[2025-09-01 19:31:38] [PHINX]  == 20250827110020 AlterComponentesAddFrameworkCss: migrating 
[2025-09-01 19:31:38] [PHINX]  == 20250827110020 AlterComponentesAddFrameworkCss: migrated 0.0600s
[2025-09-01 19:31:38] Migrações concluídas.
[2025-09-01 19:31:38] CHECKSUM_PRIMEIRA_ATUALIZACAO
[2025-09-01 19:31:38] Comparando dados do banco com arquivos Data.json...
[2025-09-01 19:31:38] Sincronizando tabela categorias ...
[2025-09-01 19:31:38] SYNC_INI tabela=categorias modo=pk qtdJson=1
[2025-09-01 19:31:38] SYNC_FIM tabela=categorias +1 ~0 =0 orphans=0 modo=pk
[2025-09-01 19:31:38] Resumo comparação - categorias => inserções=1, atualizações=0, sem_alteracao=0
[2025-09-01 19:31:38] Sincronizando tabela componentes ...
[2025-09-01 19:31:38] SYNC_INI tabela=componentes modo=natural qtdJson=37
[2025-09-01 19:31:38] SYNC_FIM tabela=componentes +37 ~0 =0 orphans=0 modo=natural
[2025-09-01 19:31:38] Resumo comparação - componentes => inserções=37, atualizações=0, sem_alteracao=0
[2025-09-01 19:31:38] Sincronizando tabela layouts ...
[2025-09-01 19:31:38] SYNC_INI tabela=layouts modo=natural qtdJson=7
[2025-09-01 19:31:38] SYNC_FIM tabela=layouts +7 ~0 =0 orphans=0 modo=natural
[2025-09-01 19:31:38] Resumo comparação - layouts => inserções=7, atualizações=0, sem_alteracao=0
[2025-09-01 19:31:38] Sincronizando tabela modulos ...
[2025-09-01 19:31:38] SYNC_INI tabela=modulos modo=pk qtdJson=17
[2025-09-01 19:31:38] SYNC_FIM tabela=modulos +17 ~0 =0 orphans=0 modo=pk
[2025-09-01 19:31:38] Resumo comparação - modulos => inserções=17, atualizações=0, sem_alteracao=0
[2025-09-01 19:31:38] Sincronizando tabela modulos_grupos ...
[2025-09-01 19:31:38] SYNC_INI tabela=modulos_grupos modo=pk qtdJson=4
[2025-09-01 19:31:38] SYNC_FIM tabela=modulos_grupos +4 ~0 =0 orphans=0 modo=pk
[2025-09-01 19:31:38] Resumo comparação - modulos_grupos => inserções=4, atualizações=0, sem_alteracao=0
[2025-09-01 19:31:38] Sincronizando tabela modulos_operacoes ...
[2025-09-01 19:31:38] SYNC_INI tabela=modulos_operacoes modo=pk qtdJson=1
[2025-09-01 19:31:38] SYNC_FIM tabela=modulos_operacoes +1 ~0 =0 orphans=0 modo=pk
[2025-09-01 19:31:38] Resumo comparação - modulos_operacoes => inserções=1, atualizações=0, sem_alteracao=0
[2025-09-01 19:31:38] Sincronizando tabela paginas ...
[2025-09-01 19:31:38] SYNC_INI tabela=paginas modo=natural qtdJson=57
[2025-09-01 19:31:39] SYNC_FIM tabela=paginas +57 ~0 =0 orphans=0 modo=natural
[2025-09-01 19:31:39] Resumo comparação - paginas => inserções=57, atualizações=0, sem_alteracao=0
[2025-09-01 19:31:39] Sincronizando tabela usuarios ...
[2025-09-01 19:31:39] SYNC_INI tabela=usuarios modo=pk qtdJson=1
[2025-09-01 19:31:39] SYNC_FIM tabela=usuarios +1 ~0 =0 orphans=0 modo=pk
[2025-09-01 19:31:39] Resumo comparação - usuarios => inserções=1, atualizações=0, sem_alteracao=0
[2025-09-01 19:31:39] Sincronizando tabela usuarios_perfis ...
[2025-09-01 19:31:39] SYNC_INI tabela=usuarios_perfis modo=pk qtdJson=1
[2025-09-01 19:31:39] SYNC_FIM tabela=usuarios_perfis +1 ~0 =0 orphans=0 modo=pk
[2025-09-01 19:31:39] Resumo comparação - usuarios_perfis => inserções=1, atualizações=0, sem_alteracao=0
[2025-09-01 19:31:39] Sincronizando tabela usuarios_perfis_modulos ...
[2025-09-01 19:31:39] SYNC_INI tabela=usuarios_perfis_modulos modo=pk qtdJson=17
[2025-09-01 19:31:39] SYNC_FIM tabela=usuarios_perfis_modulos +17 ~0 =0 orphans=0 modo=pk
[2025-09-01 19:31:39] Resumo comparação - usuarios_perfis_modulos => inserções=17, atualizações=0, sem_alteracao=0
[2025-09-01 19:31:39] Sincronizando tabela usuarios_perfis_modulos_operacoes ...
[2025-09-01 19:31:39] SYNC_INI tabela=usuarios_perfis_modulos_operacoes modo=pk qtdJson=1
[2025-09-01 19:31:39] SYNC_FIM tabela=usuarios_perfis_modulos_operacoes +1 ~0 =0 orphans=0 modo=pk
[2025-09-01 19:31:39] Resumo comparação - usuarios_perfis_modulos_operacoes => inserções=1, atualizações=0, sem_alteracao=0
[2025-09-01 19:31:39] Sincronizando tabela variaveis ...
[2025-09-01 19:31:39] SYNC_INI tabela=variaveis modo=natural qtdJson=465
[2025-09-01 19:31:41] SYNC_FIM tabela=variaveis +465 ~0 =0 orphans=0 modo=natural
[2025-09-01 19:31:41] Resumo comparação - variaveis => inserções=465, atualizações=0, sem_alteracao=0
[2025-09-01 19:31:41] MANAGER_UPDATES_REGISTRADO id=1
[2025-09-01 19:31:41] 📝 Relatório Final Atualização BD
══════════════════════════════════════════════════
📦 categorias => +1 ~0 =0
📦 componentes => +37 ~0 =0
📦 layouts => +7 ~0 =0
📦 modulos => +17 ~0 =0
📦 modulos_grupos => +4 ~0 =0
📦 modulos_operacoes => +1 ~0 =0
📦 paginas => +57 ~0 =0
📦 usuarios => +1 ~0 =0
📦 usuarios_perfis => +1 ~0 =0
📦 usuarios_perfis_modulos => +17 ~0 =0
📦 usuarios_perfis_modulos_operacoes => +1 ~0 =0
📦 variaveis => +465 ~0 =0
Σ TOTAL => +609 ~0 =0

[2025-09-01 19:31:41] Rotina concluída com sucesso.
[2025-09-01 19:32:40] Iniciando rotina de atualização de banco de dados...
[2025-09-01 19:32:40] Executando migrações...
[2025-09-01 19:32:41] [DEBUG] MIGRATING ENV=gestor
[2025-09-01 19:32:42] [PHINX] == 20250723165435 CreateAcessosTable: migrating 
[2025-09-01 19:32:42] [PHINX]  == 20250723165435 CreateAcessosTable: migrated 0.0260s
[2025-09-01 19:32:42] [PHINX]  == 20250723165436 CreateArquivosTable: migrating 
[2025-09-01 19:32:42] [PHINX]  == 20250723165436 CreateArquivosTable: migrated 0.0294s
[2025-09-01 19:32:42] [PHINX]  == 20250723165437 CreateArquivosCategoriasTable: migrating 
[2025-09-01 19:32:42] [PHINX]  == 20250723165437 CreateArquivosCategoriasTable: migrated 0.0268s
[2025-09-01 19:32:42] [PHINX]  == 20250723165438 CreateBackupCamposTable: migrating 
[2025-09-01 19:32:42] [PHINX]  == 20250723165438 CreateBackupCamposTable: migrated 0.0254s
[2025-09-01 19:32:42] [PHINX]  == 20250723165439 CreateCategoriasTable: migrating 
[2025-09-01 19:32:42] [PHINX]  == 20250723165439 CreateCategoriasTable: migrated 0.0249s
[2025-09-01 19:32:42] [PHINX]  == 20250723165440 CreateComponentesTable: migrating 
[2025-09-01 19:32:42] [PHINX]  == 20250723165440 CreateComponentesTable: migrated 0.0583s
[2025-09-01 19:32:42] [PHINX]  == 20250723165441 CreateHistoricoTable: migrating 
[2025-09-01 19:32:42] [PHINX]  == 20250723165441 CreateHistoricoTable: migrated 0.0266s
[2025-09-01 19:32:42] [PHINX]  == 20250723165526 CreateLayoutsTable: migrating 
[2025-09-01 19:32:42] [PHINX]  == 20250723165526 CreateLayoutsTable: migrated 0.0412s
[2025-09-01 19:32:42] [PHINX]  == 20250723165527 CreateModulosTable: migrating 
[2025-09-01 19:32:42] [PHINX]  == 20250723165527 CreateModulosTable: migrated 0.0247s
[2025-09-01 19:32:43] [PHINX]  == 20250723165528 CreateModulosGruposTable: migrating 
[2025-09-01 19:32:43] [PHINX]  == 20250723165528 CreateModulosGruposTable: migrated 0.0274s
[2025-09-01 19:32:43] [PHINX]  == 20250723165529 CreateModulosOperacoesTable: migrating 
[2025-09-01 19:32:43] [PHINX]  == 20250723165529 CreateModulosOperacoesTable: migrated 0.0272s
[2025-09-01 19:32:43] [PHINX]  == 20250723165530 CreatePaginasTable: migrating 
[2025-09-01 19:32:43] [PHINX]  == 20250723165530 CreatePaginasTable: migrated 0.0481s
[2025-09-01 19:32:43] [PHINX]  == 20250723165531 CreatePaginas301Table: migrating 
[2025-09-01 19:32:43] [PHINX]  == 20250723165531 CreatePaginas301Table: migrated 0.0488s
[2025-09-01 19:32:43] [PHINX]  == 20250723165533 CreatePluginsTable: migrating 
[2025-09-01 19:32:43] [PHINX]  == 20250723165533 CreatePluginsTable: migrated 0.0375s
[2025-09-01 19:32:43] [PHINX]  == 20250723165534 CreateSessoesTable: migrating 
[2025-09-01 19:32:43] [PHINX]  == 20250723165534 CreateSessoesTable: migrated 0.0339s
[2025-09-01 19:32:43] [PHINX]  == 20250723165535 CreateSessoesVariaveisTable: migrating 
[2025-09-01 19:32:43] [PHINX]  == 20250723165535 CreateSessoesVariaveisTable: migrated 0.0316s
[2025-09-01 19:32:43] [PHINX]  == 20250723165537 CreateTokensTable: migrating 
[2025-09-01 19:32:43] [PHINX]  == 20250723165537 CreateTokensTable: migrated 0.0245s
[2025-09-01 19:32:43] [PHINX]  == 20250723165538 CreateUsuariosTable: migrating 
[2025-09-01 19:32:43] [PHINX]  == 20250723165538 CreateUsuariosTable: migrated 0.0279s
[2025-09-01 19:32:43] [PHINX]  == 20250723165543 CreateUsuariosPerfisTable: migrating 
[2025-09-01 19:32:43] [PHINX]  == 20250723165543 CreateUsuariosPerfisTable: migrated 0.0267s
[2025-09-01 19:32:43] [PHINX]  == 20250723165544 CreateUsuariosPerfisModulosTable: migrating 
[2025-09-01 19:32:43] [PHINX]  == 20250723165544 CreateUsuariosPerfisModulosTable: migrated 0.0271s
[2025-09-01 19:32:43] [PHINX]  == 20250723165545 CreateUsuariosPerfisModulosOperacoesTable: migrating 
[2025-09-01 19:32:43] [PHINX]  == 20250723165545 CreateUsuariosPerfisModulosOperacoesTable: migrated 0.0243s
[2025-09-01 19:32:43] [PHINX]  == 20250723165548 CreateUsuariosTokensTable: migrating 
[2025-09-01 19:32:43] [PHINX]  == 20250723165548 CreateUsuariosTokensTable: migrated 0.0293s
[2025-09-01 19:32:43] [PHINX]  == 20250723165549 CreateVariaveisTable: migrating 
[2025-09-01 19:32:43] [PHINX]  == 20250723165549 CreateVariaveisTable: migrated 0.0324s
[2025-09-01 19:32:43] [PHINX]  == 20250813153000 AlterComponentesIndexIdLanguage: migrating 
[2025-09-01 19:32:43] [PHINX]  == 20250813153000 AlterComponentesIndexIdLanguage: migrated 0.0687s
[2025-09-01 19:32:43] [PHINX]  == 20250813170000 AlterPaginasIndexIdLanguage: migrating 
[2025-09-01 19:32:43] [PHINX]  == 20250813170000 AlterPaginasIndexIdLanguage: migrated 0.0493s
[2025-09-01 19:32:43] [PHINX]  == 20250813170010 AlterLayoutsIndexIdLanguage: migrating 
[2025-09-01 19:32:43] [PHINX]  == 20250813170010 AlterLayoutsIndexIdLanguage: migrated 0.0421s
[2025-09-01 19:32:43] [PHINX]  == 20250814130000 AlterPaginasAddUpdatedFlags: migrating 
[2025-09-01 19:32:43] [PHINX]  == 20250814130000 AlterPaginasAddUpdatedFlags: migrated 0.0667s
[2025-09-01 19:32:43] [PHINX]  == 20250814130010 AlterLayoutsAddUpdatedFlags: migrating 
[2025-09-01 19:32:43] [PHINX]  == 20250814130010 AlterLayoutsAddUpdatedFlags: migrated 0.0641s
[2025-09-01 19:32:43] [PHINX]  == 20250814130020 AlterComponentesAddUpdatedFlags: migrating 
[2025-09-01 19:32:43] [PHINX]  == 20250814130020 AlterComponentesAddUpdatedFlags: migrated 0.0597s
[2025-09-01 19:32:43] [PHINX]  == 20250814130030 AlterVariaveisAddUpdatedFlags: migrating 
[2025-09-01 19:32:43] [PHINX]  == 20250814130030 AlterVariaveisAddUpdatedFlags: migrated 0.0473s
[2025-09-01 19:32:43] [PHINX]  == 20250814140000 CreateManagerUpdatesTable: migrating 
[2025-09-01 19:32:43] [PHINX]  == 20250814140000 CreateManagerUpdatesTable: migrated 0.0328s
[2025-09-01 19:32:43] [PHINX]  == 20250814141000 CreateAtualizacoesExecucoesTable: migrating 
[2025-09-01 19:32:43] [PHINX]  == 20250814141000 CreateAtualizacoesExecucoesTable: migrated 0.0401s
[2025-09-01 19:32:43] [PHINX]  == 20250827110000 AlterLayoutsAddFrameworkCss: migrating 
[2025-09-01 19:32:43] [PHINX]  == 20250827110000 AlterLayoutsAddFrameworkCss: migrated 0.0591s
[2025-09-01 19:32:43] [PHINX]  == 20250827110010 AlterPaginasAddFrameworkCss: migrating 
[2025-09-01 19:32:43] [PHINX]  == 20250827110010 AlterPaginasAddFrameworkCss: migrated 0.0686s
[2025-09-01 19:32:43] [PHINX]  == 20250827110020 AlterComponentesAddFrameworkCss: migrating 
[2025-09-01 19:32:43] [PHINX]  == 20250827110020 AlterComponentesAddFrameworkCss: migrated 0.0614s
[2025-09-01 19:32:43] Migrações concluídas.
[2025-09-01 19:32:43] CHECKSUM_PRIMEIRA_ATUALIZACAO
[2025-09-01 19:32:43] Comparando dados do banco com arquivos Data.json...
[2025-09-01 19:32:43] Sincronizando tabela categorias ...
[2025-09-01 19:32:43] Resumo comparação - categorias => inserções=1, atualizações=0, sem_alteracao=0
[2025-09-01 19:32:43] Sincronizando tabela componentes ...
[2025-09-01 19:32:43] Resumo comparação - componentes => inserções=37, atualizações=0, sem_alteracao=0
[2025-09-01 19:32:43] Sincronizando tabela layouts ...
[2025-09-01 19:32:43] Resumo comparação - layouts => inserções=7, atualizações=0, sem_alteracao=0
[2025-09-01 19:32:44] Sincronizando tabela modulos ...
[2025-09-01 19:32:44] Resumo comparação - modulos => inserções=17, atualizações=0, sem_alteracao=0
[2025-09-01 19:32:44] Sincronizando tabela modulos_grupos ...
[2025-09-01 19:32:44] Resumo comparação - modulos_grupos => inserções=4, atualizações=0, sem_alteracao=0
[2025-09-01 19:32:44] Sincronizando tabela modulos_operacoes ...
[2025-09-01 19:32:44] Resumo comparação - modulos_operacoes => inserções=1, atualizações=0, sem_alteracao=0
[2025-09-01 19:32:44] Sincronizando tabela paginas ...
[2025-09-01 19:32:44] Resumo comparação - paginas => inserções=57, atualizações=0, sem_alteracao=0
[2025-09-01 19:32:44] Sincronizando tabela usuarios ...
[2025-09-01 19:32:44] Resumo comparação - usuarios => inserções=1, atualizações=0, sem_alteracao=0
[2025-09-01 19:32:44] Sincronizando tabela usuarios_perfis ...
[2025-09-01 19:32:44] Resumo comparação - usuarios_perfis => inserções=1, atualizações=0, sem_alteracao=0
[2025-09-01 19:32:44] Sincronizando tabela usuarios_perfis_modulos ...
[2025-09-01 19:32:44] Resumo comparação - usuarios_perfis_modulos => inserções=17, atualizações=0, sem_alteracao=0
[2025-09-01 19:32:44] Sincronizando tabela usuarios_perfis_modulos_operacoes ...
[2025-09-01 19:32:44] Resumo comparação - usuarios_perfis_modulos_operacoes => inserções=1, atualizações=0, sem_alteracao=0
[2025-09-01 19:32:44] Sincronizando tabela variaveis ...
[2025-09-01 19:32:46] Resumo comparação - variaveis => inserções=465, atualizações=0, sem_alteracao=0
[2025-09-01 19:32:46] MANAGER_UPDATES_REGISTRADO id=1
[2025-09-01 19:32:46] 📝 Relatório Final Atualização BD
══════════════════════════════════════════════════
📦 categorias => +1 ~0 =0
📦 componentes => +37 ~0 =0
📦 layouts => +7 ~0 =0
📦 modulos => +17 ~0 =0
📦 modulos_grupos => +4 ~0 =0
📦 modulos_operacoes => +1 ~0 =0
📦 paginas => +57 ~0 =0
📦 usuarios => +1 ~0 =0
📦 usuarios_perfis => +1 ~0 =0
📦 usuarios_perfis_modulos => +17 ~0 =0
📦 usuarios_perfis_modulos_operacoes => +1 ~0 =0
📦 variaveis => +465 ~0 =0
Σ TOTAL => +609 ~0 =0

[2025-09-01 19:32:46] Rotina concluída com sucesso.
[2025-09-01 19:34:46] Iniciando rotina de atualização de banco de dados...
[2025-09-01 19:34:46] Executando migrações...
[2025-09-01 19:34:47] [DEBUG] MIGRATING ENV=gestor
[2025-09-01 19:34:48] [PHINX] == 20250723165435 CreateAcessosTable: migrating 
[2025-09-01 19:34:48] [PHINX]  == 20250723165435 CreateAcessosTable: migrated 0.0284s
[2025-09-01 19:34:48] [PHINX]  == 20250723165436 CreateArquivosTable: migrating 
[2025-09-01 19:34:48] [PHINX]  == 20250723165436 CreateArquivosTable: migrated 0.0280s
[2025-09-01 19:34:48] [PHINX]  == 20250723165437 CreateArquivosCategoriasTable: migrating 
[2025-09-01 19:34:48] [PHINX]  == 20250723165437 CreateArquivosCategoriasTable: migrated 0.0291s
[2025-09-01 19:34:48] [PHINX]  == 20250723165438 CreateBackupCamposTable: migrating 
[2025-09-01 19:34:48] [PHINX]  == 20250723165438 CreateBackupCamposTable: migrated 0.0264s
[2025-09-01 19:34:48] [PHINX]  == 20250723165439 CreateCategoriasTable: migrating 
[2025-09-01 19:34:48] [PHINX]  == 20250723165439 CreateCategoriasTable: migrated 0.0276s
[2025-09-01 19:34:48] [PHINX]  == 20250723165440 CreateComponentesTable: migrating 
[2025-09-01 19:34:48] [PHINX]  == 20250723165440 CreateComponentesTable: migrated 0.0638s
[2025-09-01 19:34:48] [PHINX]  == 20250723165441 CreateHistoricoTable: migrating 
[2025-09-01 19:34:48] [PHINX]  == 20250723165441 CreateHistoricoTable: migrated 0.0293s
[2025-09-01 19:34:48] [PHINX]  == 20250723165526 CreateLayoutsTable: migrating 
[2025-09-01 19:34:48] [PHINX]  == 20250723165526 CreateLayoutsTable: migrated 0.0422s
[2025-09-01 19:34:48] [PHINX]  == 20250723165527 CreateModulosTable: migrating 
[2025-09-01 19:34:48] [PHINX]  == 20250723165527 CreateModulosTable: migrated 0.0257s
[2025-09-01 19:34:48] [PHINX]  == 20250723165528 CreateModulosGruposTable: migrating 
[2025-09-01 19:34:48] [PHINX]  == 20250723165528 CreateModulosGruposTable: migrated 0.0272s
[2025-09-01 19:34:48] [PHINX]  == 20250723165529 CreateModulosOperacoesTable: migrating 
[2025-09-01 19:34:49] [PHINX]  == 20250723165529 CreateModulosOperacoesTable: migrated 0.0290s
[2025-09-01 19:34:49] [PHINX]  == 20250723165530 CreatePaginasTable: migrating 
[2025-09-01 19:34:49] [PHINX]  == 20250723165530 CreatePaginasTable: migrated 0.0520s
[2025-09-01 19:34:49] [PHINX]  == 20250723165531 CreatePaginas301Table: migrating 
[2025-09-01 19:34:49] [PHINX]  == 20250723165531 CreatePaginas301Table: migrated 0.0403s
[2025-09-01 19:34:49] [PHINX]  == 20250723165533 CreatePluginsTable: migrating 
[2025-09-01 19:34:49] [PHINX]  == 20250723165533 CreatePluginsTable: migrated 0.0349s
[2025-09-01 19:34:49] [PHINX]  == 20250723165534 CreateSessoesTable: migrating 
[2025-09-01 19:34:49] [PHINX]  == 20250723165534 CreateSessoesTable: migrated 0.0344s
[2025-09-01 19:34:49] [PHINX]  == 20250723165535 CreateSessoesVariaveisTable: migrating 
[2025-09-01 19:34:49] [PHINX]  == 20250723165535 CreateSessoesVariaveisTable: migrated 0.0254s
[2025-09-01 19:34:49] [PHINX]  == 20250723165537 CreateTokensTable: migrating 
[2025-09-01 19:34:49] [PHINX]  == 20250723165537 CreateTokensTable: migrated 0.0263s
[2025-09-01 19:34:49] [PHINX]  == 20250723165538 CreateUsuariosTable: migrating 
[2025-09-01 19:34:49] [PHINX]  == 20250723165538 CreateUsuariosTable: migrated 0.0289s
[2025-09-01 19:34:49] [PHINX]  == 20250723165543 CreateUsuariosPerfisTable: migrating 
[2025-09-01 19:34:49] [PHINX]  == 20250723165543 CreateUsuariosPerfisTable: migrated 0.0234s
[2025-09-01 19:34:49] [PHINX]  == 20250723165544 CreateUsuariosPerfisModulosTable: migrating 
[2025-09-01 19:34:49] [PHINX]  == 20250723165544 CreateUsuariosPerfisModulosTable: migrated 0.0251s
[2025-09-01 19:34:49] [PHINX]  == 20250723165545 CreateUsuariosPerfisModulosOperacoesTable: migrating 
[2025-09-01 19:34:49] [PHINX]  == 20250723165545 CreateUsuariosPerfisModulosOperacoesTable: migrated 0.0245s
[2025-09-01 19:34:49] [PHINX]  == 20250723165548 CreateUsuariosTokensTable: migrating 
[2025-09-01 19:34:49] [PHINX]  == 20250723165548 CreateUsuariosTokensTable: migrated 0.0296s
[2025-09-01 19:34:49] [PHINX]  == 20250723165549 CreateVariaveisTable: migrating 
[2025-09-01 19:34:49] [PHINX]  == 20250723165549 CreateVariaveisTable: migrated 0.0262s
[2025-09-01 19:34:49] [PHINX]  == 20250813153000 AlterComponentesIndexIdLanguage: migrating 
[2025-09-01 19:34:49] [PHINX]  == 20250813153000 AlterComponentesIndexIdLanguage: migrated 0.0622s
[2025-09-01 19:34:49] [PHINX]  == 20250813170000 AlterPaginasIndexIdLanguage: migrating 
[2025-09-01 19:34:49] [PHINX]  == 20250813170000 AlterPaginasIndexIdLanguage: migrated 0.0374s
[2025-09-01 19:34:49] [PHINX]  == 20250813170010 AlterLayoutsIndexIdLanguage: migrating 
[2025-09-01 19:34:49] [PHINX]  == 20250813170010 AlterLayoutsIndexIdLanguage: migrated 0.0431s
[2025-09-01 19:34:49] [PHINX]  == 20250814130000 AlterPaginasAddUpdatedFlags: migrating 
[2025-09-01 19:34:49] [PHINX]  == 20250814130000 AlterPaginasAddUpdatedFlags: migrated 0.0656s
[2025-09-01 19:34:49] [PHINX]  == 20250814130010 AlterLayoutsAddUpdatedFlags: migrating 
[2025-09-01 19:34:49] [PHINX]  == 20250814130010 AlterLayoutsAddUpdatedFlags: migrated 0.0596s
[2025-09-01 19:34:49] [PHINX]  == 20250814130020 AlterComponentesAddUpdatedFlags: migrating 
[2025-09-01 19:34:49] [PHINX]  == 20250814130020 AlterComponentesAddUpdatedFlags: migrated 0.0644s
[2025-09-01 19:34:49] [PHINX]  == 20250814130030 AlterVariaveisAddUpdatedFlags: migrating 
[2025-09-01 19:34:49] [PHINX]  == 20250814130030 AlterVariaveisAddUpdatedFlags: migrated 0.0430s
[2025-09-01 19:34:49] [PHINX]  == 20250814140000 CreateManagerUpdatesTable: migrating 
[2025-09-01 19:34:49] [PHINX]  == 20250814140000 CreateManagerUpdatesTable: migrated 0.0315s
[2025-09-01 19:34:49] [PHINX]  == 20250814141000 CreateAtualizacoesExecucoesTable: migrating 
[2025-09-01 19:34:49] [PHINX]  == 20250814141000 CreateAtualizacoesExecucoesTable: migrated 0.0390s
[2025-09-01 19:34:49] [PHINX]  == 20250827110000 AlterLayoutsAddFrameworkCss: migrating 
[2025-09-01 19:34:49] [PHINX]  == 20250827110000 AlterLayoutsAddFrameworkCss: migrated 0.0579s
[2025-09-01 19:34:49] [PHINX]  == 20250827110010 AlterPaginasAddFrameworkCss: migrating 
[2025-09-01 19:34:49] [PHINX]  == 20250827110010 AlterPaginasAddFrameworkCss: migrated 0.0659s
[2025-09-01 19:34:49] [PHINX]  == 20250827110020 AlterComponentesAddFrameworkCss: migrating 
[2025-09-01 19:34:49] [PHINX]  == 20250827110020 AlterComponentesAddFrameworkCss: migrated 0.0569s
[2025-09-01 19:34:49] Migrações concluídas.
[2025-09-01 19:34:49] CHECKSUM_PRIMEIRA_ATUALIZACAO
[2025-09-01 19:34:49] Comparando dados do banco com arquivos Data.json...
[2025-09-01 19:34:49] Sincronizando tabela categorias ...
[2025-09-01 19:34:49] SYNC_INI tabela=categorias modo=pk qtdJson=1
[2025-09-01 19:34:49] SYNC_FIM tabela=categorias +1 ~0 =0 orphans=0 modo=pk
[2025-09-01 19:34:49] Resumo comparação - categorias => inserções=1, atualizações=0, sem_alteracao=0
[2025-09-01 19:34:49] Sincronizando tabela componentes ...
[2025-09-01 19:34:49] SYNC_INI tabela=componentes modo=natural qtdJson=37
[2025-09-01 19:34:49] SYNC_FIM tabela=componentes +37 ~0 =0 orphans=0 modo=natural
[2025-09-01 19:34:49] Resumo comparação - componentes => inserções=37, atualizações=0, sem_alteracao=0
[2025-09-01 19:34:49] Sincronizando tabela layouts ...
[2025-09-01 19:34:49] SYNC_INI tabela=layouts modo=natural qtdJson=7
[2025-09-01 19:34:50] SYNC_FIM tabela=layouts +7 ~0 =0 orphans=0 modo=natural
[2025-09-01 19:34:50] Resumo comparação - layouts => inserções=7, atualizações=0, sem_alteracao=0
[2025-09-01 19:34:50] Sincronizando tabela modulos ...
[2025-09-01 19:34:50] SYNC_INI tabela=modulos modo=pk qtdJson=17
[2025-09-01 19:34:50] SYNC_FIM tabela=modulos +17 ~0 =0 orphans=0 modo=pk
[2025-09-01 19:34:50] Resumo comparação - modulos => inserções=17, atualizações=0, sem_alteracao=0
[2025-09-01 19:34:50] Sincronizando tabela modulos_grupos ...
[2025-09-01 19:34:50] SYNC_INI tabela=modulos_grupos modo=pk qtdJson=4
[2025-09-01 19:34:50] SYNC_FIM tabela=modulos_grupos +4 ~0 =0 orphans=0 modo=pk
[2025-09-01 19:34:50] Resumo comparação - modulos_grupos => inserções=4, atualizações=0, sem_alteracao=0
[2025-09-01 19:34:50] Sincronizando tabela modulos_operacoes ...
[2025-09-01 19:34:50] SYNC_INI tabela=modulos_operacoes modo=pk qtdJson=1
[2025-09-01 19:34:50] SYNC_FIM tabela=modulos_operacoes +1 ~0 =0 orphans=0 modo=pk
[2025-09-01 19:34:50] Resumo comparação - modulos_operacoes => inserções=1, atualizações=0, sem_alteracao=0
[2025-09-01 19:34:50] Sincronizando tabela paginas ...
[2025-09-01 19:34:50] SYNC_INI tabela=paginas modo=natural qtdJson=56
[2025-09-01 19:34:50] SYNC_FIM tabela=paginas +56 ~0 =0 orphans=0 modo=natural
[2025-09-01 19:34:50] Resumo comparação - paginas => inserções=56, atualizações=0, sem_alteracao=0
[2025-09-01 19:34:50] Sincronizando tabela usuarios ...
[2025-09-01 19:34:50] SYNC_INI tabela=usuarios modo=pk qtdJson=1
[2025-09-01 19:34:50] SYNC_FIM tabela=usuarios +1 ~0 =0 orphans=0 modo=pk
[2025-09-01 19:34:50] Resumo comparação - usuarios => inserções=1, atualizações=0, sem_alteracao=0
[2025-09-01 19:34:50] Sincronizando tabela usuarios_perfis ...
[2025-09-01 19:34:50] SYNC_INI tabela=usuarios_perfis modo=pk qtdJson=1
[2025-09-01 19:34:50] SYNC_FIM tabela=usuarios_perfis +1 ~0 =0 orphans=0 modo=pk
[2025-09-01 19:34:50] Resumo comparação - usuarios_perfis => inserções=1, atualizações=0, sem_alteracao=0
[2025-09-01 19:34:50] Sincronizando tabela usuarios_perfis_modulos ...
[2025-09-01 19:34:50] SYNC_INI tabela=usuarios_perfis_modulos modo=pk qtdJson=17
[2025-09-01 19:34:50] SYNC_FIM tabela=usuarios_perfis_modulos +17 ~0 =0 orphans=0 modo=pk
[2025-09-01 19:34:50] Resumo comparação - usuarios_perfis_modulos => inserções=17, atualizações=0, sem_alteracao=0
[2025-09-01 19:34:50] Sincronizando tabela usuarios_perfis_modulos_operacoes ...
[2025-09-01 19:34:50] SYNC_INI tabela=usuarios_perfis_modulos_operacoes modo=pk qtdJson=1
[2025-09-01 19:34:50] SYNC_FIM tabela=usuarios_perfis_modulos_operacoes +1 ~0 =0 orphans=0 modo=pk
[2025-09-01 19:34:50] Resumo comparação - usuarios_perfis_modulos_operacoes => inserções=1, atualizações=0, sem_alteracao=0
[2025-09-01 19:34:50] Sincronizando tabela variaveis ...
[2025-09-01 19:34:50] SYNC_INI tabela=variaveis modo=natural qtdJson=465
[2025-09-01 19:34:52] SYNC_FIM tabela=variaveis +465 ~0 =0 orphans=0 modo=natural
[2025-09-01 19:34:52] Resumo comparação - variaveis => inserções=465, atualizações=0, sem_alteracao=0
[2025-09-01 19:34:52] MANAGER_UPDATES_REGISTRADO id=1
[2025-09-01 19:34:52] 📝 Relatório Final Atualização BD
══════════════════════════════════════════════════
📦 categorias => +1 ~0 =0
📦 componentes => +37 ~0 =0
📦 layouts => +7 ~0 =0
📦 modulos => +17 ~0 =0
📦 modulos_grupos => +4 ~0 =0
📦 modulos_operacoes => +1 ~0 =0
📦 paginas => +56 ~0 =0
📦 usuarios => +1 ~0 =0
📦 usuarios_perfis => +1 ~0 =0
📦 usuarios_perfis_modulos => +17 ~0 =0
📦 usuarios_perfis_modulos_operacoes => +1 ~0 =0
📦 variaveis => +465 ~0 =0
Σ TOTAL => +608 ~0 =0

[2025-09-01 19:34:52] Rotina concluída com sucesso.
[2025-09-01 19:35:39] Iniciando rotina de atualização de banco de dados...
[2025-09-01 19:35:39] Executando migrações...
[2025-09-01 19:35:39] [DEBUG] MIGRATING ENV=gestor
[2025-09-01 19:35:41] [PHINX] == 20250723165435 CreateAcessosTable: migrating 
[2025-09-01 19:35:41] [PHINX]  == 20250723165435 CreateAcessosTable: migrated 0.0268s
[2025-09-01 19:35:41] [PHINX]  == 20250723165436 CreateArquivosTable: migrating 
[2025-09-01 19:35:41] [PHINX]  == 20250723165436 CreateArquivosTable: migrated 0.0297s
[2025-09-01 19:35:41] [PHINX]  == 20250723165437 CreateArquivosCategoriasTable: migrating 
[2025-09-01 19:35:41] [PHINX]  == 20250723165437 CreateArquivosCategoriasTable: migrated 0.0250s
[2025-09-01 19:35:41] [PHINX]  == 20250723165438 CreateBackupCamposTable: migrating 
[2025-09-01 19:35:41] [PHINX]  == 20250723165438 CreateBackupCamposTable: migrated 0.0274s
[2025-09-01 19:35:41] [PHINX]  == 20250723165439 CreateCategoriasTable: migrating 
[2025-09-01 19:35:41] [PHINX]  == 20250723165439 CreateCategoriasTable: migrated 0.0292s
[2025-09-01 19:35:41] [PHINX]  == 20250723165440 CreateComponentesTable: migrating 
[2025-09-01 19:35:41] [PHINX]  == 20250723165440 CreateComponentesTable: migrated 0.0597s
[2025-09-01 19:35:41] [PHINX]  == 20250723165441 CreateHistoricoTable: migrating 
[2025-09-01 19:35:41] [PHINX]  == 20250723165441 CreateHistoricoTable: migrated 0.0273s
[2025-09-01 19:35:41] [PHINX]  == 20250723165526 CreateLayoutsTable: migrating 
[2025-09-01 19:35:41] [PHINX]  == 20250723165526 CreateLayoutsTable: migrated 0.0433s
[2025-09-01 19:35:41] [PHINX]  == 20250723165527 CreateModulosTable: migrating 
[2025-09-01 19:35:41] [PHINX]  == 20250723165527 CreateModulosTable: migrated 0.0253s
[2025-09-01 19:35:41] [PHINX]  == 20250723165528 CreateModulosGruposTable: migrating 
[2025-09-01 19:35:41] [PHINX]  == 20250723165528 CreateModulosGruposTable: migrated 0.0264s
[2025-09-01 19:35:41] [PHINX]  == 20250723165529 CreateModulosOperacoesTable: migrating 
[2025-09-01 19:35:41] [PHINX]  == 20250723165529 CreateModulosOperacoesTable: migrated 0.0285s
[2025-09-01 19:35:41] [PHINX]  == 20250723165530 CreatePaginasTable: migrating 
[2025-09-01 19:35:41] [PHINX]  == 20250723165530 CreatePaginasTable: migrated 0.0483s
[2025-09-01 19:35:41] [PHINX]  == 20250723165531 CreatePaginas301Table: migrating 
[2025-09-01 19:35:41] [PHINX]  == 20250723165531 CreatePaginas301Table: migrated 0.0254s
[2025-09-01 19:35:41] [PHINX]  == 20250723165533 CreatePluginsTable: migrating 
[2025-09-01 19:35:41] [PHINX]  == 20250723165533 CreatePluginsTable: migrated 0.0267s
[2025-09-01 19:35:42] [PHINX]  == 20250723165534 CreateSessoesTable: migrating 
[2025-09-01 19:35:42] [PHINX]  == 20250723165534 CreateSessoesTable: migrated 0.0247s
[2025-09-01 19:35:42] [PHINX]  == 20250723165535 CreateSessoesVariaveisTable: migrating 
[2025-09-01 19:35:42] [PHINX]  == 20250723165535 CreateSessoesVariaveisTable: migrated 0.0275s
[2025-09-01 19:35:42] [PHINX]  == 20250723165537 CreateTokensTable: migrating 
[2025-09-01 19:35:42] [PHINX]  == 20250723165537 CreateTokensTable: migrated 0.0248s
[2025-09-01 19:35:42] [PHINX]  == 20250723165538 CreateUsuariosTable: migrating 
[2025-09-01 19:35:42] [PHINX]  == 20250723165538 CreateUsuariosTable: migrated 0.0498s
[2025-09-01 19:35:42] [PHINX]  == 20250723165543 CreateUsuariosPerfisTable: migrating 
[2025-09-01 19:35:42] [PHINX]  == 20250723165543 CreateUsuariosPerfisTable: migrated 0.0355s
[2025-09-01 19:35:42] [PHINX]  == 20250723165544 CreateUsuariosPerfisModulosTable: migrating 
[2025-09-01 19:35:42] [PHINX]  == 20250723165544 CreateUsuariosPerfisModulosTable: migrated 0.0362s
[2025-09-01 19:35:42] [PHINX]  == 20250723165545 CreateUsuariosPerfisModulosOperacoesTable: migrating 
[2025-09-01 19:35:42] [PHINX]  == 20250723165545 CreateUsuariosPerfisModulosOperacoesTable: migrated 0.0339s
[2025-09-01 19:35:42] [PHINX]  == 20250723165548 CreateUsuariosTokensTable: migrating 
[2025-09-01 19:35:42] [PHINX]  == 20250723165548 CreateUsuariosTokensTable: migrated 0.0313s
[2025-09-01 19:35:42] [PHINX]  == 20250723165549 CreateVariaveisTable: migrating 
[2025-09-01 19:35:42] [PHINX]  == 20250723165549 CreateVariaveisTable: migrated 0.0284s
[2025-09-01 19:35:42] [PHINX]  == 20250813153000 AlterComponentesIndexIdLanguage: migrating 
[2025-09-01 19:35:42] [PHINX]  == 20250813153000 AlterComponentesIndexIdLanguage: migrated 0.0660s
[2025-09-01 19:35:42] [PHINX]  == 20250813170000 AlterPaginasIndexIdLanguage: migrating 
[2025-09-01 19:35:42] [PHINX]  == 20250813170000 AlterPaginasIndexIdLanguage: migrated 0.0413s
[2025-09-01 19:35:42] [PHINX]  == 20250813170010 AlterLayoutsIndexIdLanguage: migrating 
[2025-09-01 19:35:42] [PHINX]  == 20250813170010 AlterLayoutsIndexIdLanguage: migrated 0.0414s
[2025-09-01 19:35:42] [PHINX]  == 20250814130000 AlterPaginasAddUpdatedFlags: migrating 
[2025-09-01 19:35:42] [PHINX]  == 20250814130000 AlterPaginasAddUpdatedFlags: migrated 0.0668s
[2025-09-01 19:35:42] [PHINX]  == 20250814130010 AlterLayoutsAddUpdatedFlags: migrating 
[2025-09-01 19:35:42] [PHINX]  == 20250814130010 AlterLayoutsAddUpdatedFlags: migrated 0.0607s
[2025-09-01 19:35:42] [PHINX]  == 20250814130020 AlterComponentesAddUpdatedFlags: migrating 
[2025-09-01 19:35:42] [PHINX]  == 20250814130020 AlterComponentesAddUpdatedFlags: migrated 0.0625s
[2025-09-01 19:35:42] [PHINX]  == 20250814130030 AlterVariaveisAddUpdatedFlags: migrating 
[2025-09-01 19:35:42] [PHINX]  == 20250814130030 AlterVariaveisAddUpdatedFlags: migrated 0.0466s
[2025-09-01 19:35:42] [PHINX]  == 20250814140000 CreateManagerUpdatesTable: migrating 
[2025-09-01 19:35:42] [PHINX]  == 20250814140000 CreateManagerUpdatesTable: migrated 0.0318s
[2025-09-01 19:35:42] [PHINX]  == 20250814141000 CreateAtualizacoesExecucoesTable: migrating 
[2025-09-01 19:35:42] [PHINX]  == 20250814141000 CreateAtualizacoesExecucoesTable: migrated 0.0427s
[2025-09-01 19:35:42] [PHINX]  == 20250827110000 AlterLayoutsAddFrameworkCss: migrating 
[2025-09-01 19:35:42] [PHINX]  == 20250827110000 AlterLayoutsAddFrameworkCss: migrated 0.0628s
[2025-09-01 19:35:42] [PHINX]  == 20250827110010 AlterPaginasAddFrameworkCss: migrating 
[2025-09-01 19:35:42] [PHINX]  == 20250827110010 AlterPaginasAddFrameworkCss: migrated 0.0649s
[2025-09-01 19:35:42] [PHINX]  == 20250827110020 AlterComponentesAddFrameworkCss: migrating 
[2025-09-01 19:35:42] [PHINX]  == 20250827110020 AlterComponentesAddFrameworkCss: migrated 0.0596s
[2025-09-01 19:35:42] Migrações concluídas.
[2025-09-01 19:35:42] CHECKSUM_PRIMEIRA_ATUALIZACAO
[2025-09-01 19:35:42] Comparando dados do banco com arquivos Data.json...
[2025-09-01 19:35:42] Sincronizando tabela categorias ...
[2025-09-01 19:35:42] Resumo comparação - categorias => inserções=1, atualizações=0, sem_alteracao=0
[2025-09-01 19:35:42] Sincronizando tabela componentes ...
[2025-09-01 19:35:42] Resumo comparação - componentes => inserções=37, atualizações=0, sem_alteracao=0
[2025-09-01 19:35:42] Sincronizando tabela layouts ...
[2025-09-01 19:35:42] Resumo comparação - layouts => inserções=7, atualizações=0, sem_alteracao=0
[2025-09-01 19:35:42] Sincronizando tabela modulos ...
[2025-09-01 19:35:43] Resumo comparação - modulos => inserções=17, atualizações=0, sem_alteracao=0
[2025-09-01 19:35:43] Sincronizando tabela modulos_grupos ...
[2025-09-01 19:35:43] Resumo comparação - modulos_grupos => inserções=4, atualizações=0, sem_alteracao=0
[2025-09-01 19:35:43] Sincronizando tabela modulos_operacoes ...
[2025-09-01 19:35:43] Resumo comparação - modulos_operacoes => inserções=1, atualizações=0, sem_alteracao=0
[2025-09-01 19:35:43] Sincronizando tabela paginas ...
[2025-09-01 19:35:43] Resumo comparação - paginas => inserções=56, atualizações=0, sem_alteracao=0
[2025-09-01 19:35:43] Sincronizando tabela usuarios ...
[2025-09-01 19:35:43] Resumo comparação - usuarios => inserções=1, atualizações=0, sem_alteracao=0
[2025-09-01 19:35:43] Sincronizando tabela usuarios_perfis ...
[2025-09-01 19:35:43] Resumo comparação - usuarios_perfis => inserções=1, atualizações=0, sem_alteracao=0
[2025-09-01 19:35:43] Sincronizando tabela usuarios_perfis_modulos ...
[2025-09-01 19:35:43] Resumo comparação - usuarios_perfis_modulos => inserções=17, atualizações=0, sem_alteracao=0
[2025-09-01 19:35:43] Sincronizando tabela usuarios_perfis_modulos_operacoes ...
[2025-09-01 19:35:43] Resumo comparação - usuarios_perfis_modulos_operacoes => inserções=1, atualizações=0, sem_alteracao=0
[2025-09-01 19:35:43] Sincronizando tabela variaveis ...
[2025-09-01 19:35:45] Resumo comparação - variaveis => inserções=465, atualizações=0, sem_alteracao=0
[2025-09-01 19:35:45] MANAGER_UPDATES_REGISTRADO id=1
[2025-09-01 19:35:45] 📝 Relatório Final Atualização BD
══════════════════════════════════════════════════
📦 categorias => +1 ~0 =0
📦 componentes => +37 ~0 =0
📦 layouts => +7 ~0 =0
📦 modulos => +17 ~0 =0
📦 modulos_grupos => +4 ~0 =0
📦 modulos_operacoes => +1 ~0 =0
📦 paginas => +56 ~0 =0
📦 usuarios => +1 ~0 =0
📦 usuarios_perfis => +1 ~0 =0
📦 usuarios_perfis_modulos => +17 ~0 =0
📦 usuarios_perfis_modulos_operacoes => +1 ~0 =0
📦 variaveis => +465 ~0 =0
Σ TOTAL => +608 ~0 =0

[2025-09-01 19:35:45] Rotina concluída com sucesso.
