[2025-08-25 15:23:04] [INFO] === Iniciando instalação em 2025-08-25 15:23:04 ===
[2025-08-25 15:23:04] [INFO] Executando etapa: validate_input
[2025-08-25 15:23:04] [INFO] Iniciando validação dos dados de entrada
[2025-08-25 15:23:04] [INFO] Caminho de instalação solicitado: /var/www/sites/localhost/conn2flow-gestor
[2025-08-25 15:23:04] [INFO] SSL habilitado: 0
[2025-08-25 15:23:04] [INFO] Instalação limpa solicitada: SIM
[2025-08-25 15:23:04] [INFO] Caminho de instalação validado: /var/www/sites/localhost/conn2flow-gestor
[2025-08-25 15:23:04] [INFO] Validação dos dados concluída com sucesso
[2025-08-25 15:23:04] [INFO] Etapa validate_input concluída com sucesso
[2025-08-25 15:23:04] [INFO] === Iniciando instalação em 2025-08-25 15:23:04 ===
[2025-08-25 15:23:04] [INFO] Executando etapa: unzip_files
[2025-08-25 15:23:04] [INFO] Descompactando arquivos para: /var/www/sites/localhost/conn2flow-gestor
[2025-08-25 15:23:04] [INFO] SKIP_UNZIP ativado: pulando extração do ZIP, mas executando correção de permissões e configuração do sistema
[2025-08-25 15:23:04] [INFO] Permissões do Phinx corrigidas: /var/www/sites/localhost/conn2flow-gestor/vendor/bin/phinx
[2025-08-25 15:23:04] [INFO] === Iniciando detecção de URL_RAIZ (baseada no arquivo principal) ===
[2025-08-25 15:23:04] [INFO] Variável REQUEST_URI: /instalador/
[2025-08-25 15:23:04] [INFO] Variável SCRIPT_NAME: /instalador/index.php
[2025-08-25 15:23:04] [INFO] Variável PHP_SELF: /instalador/index.php
[2025-08-25 15:23:04] [INFO] Variável DOCUMENT_ROOT: /var/www/sites/localhost/public_html
[2025-08-25 15:23:04] [INFO] Variável SCRIPT_FILENAME: /var/www/sites/localhost/public_html/instalador/index.php
[2025-08-25 15:23:04] [INFO] SCRIPT_FILENAME: /var/www/sites/localhost/public_html/instalador/index.php
[2025-08-25 15:23:04] [INFO] DOCUMENT_ROOT: /var/www/sites/localhost/public_html
[2025-08-25 15:23:04] [INFO] Diretório do arquivo principal: /var/www/sites/localhost/public_html/instalador
[2025-08-25 15:23:05] [INFO] Caminho relativo do arquivo principal: /instalador
[2025-08-25 15:23:05] [INFO] ✅ Subpasta detectada via arquivo principal: /instalador/
[2025-08-25 15:23:05] [INFO] Configurando URL_RAIZ detectada: /instalador/
[2025-08-25 15:23:05] [INFO] 🔑 Usando senha OpenSSL do .env para gerar chaves
[2025-08-25 15:23:05] [INFO] Tentando gerar chaves OpenSSL com senha...
[2025-08-25 15:23:05] [INFO] Chave pública salva em: /var/www/sites/localhost/conn2flow-gestor/autenticacoes/localhost/chaves/gestor/publica.key
[2025-08-25 15:23:05] [INFO] Chave privada salva em: /var/www/sites/localhost/conn2flow-gestor/autenticacoes/localhost/chaves/gestor/privada.key
[2025-08-25 15:23:05] [INFO] Descompactação e configuração concluídas
[2025-08-25 15:23:05] [INFO] Etapa unzip_files concluída com sucesso
[2025-08-25 15:23:05] [INFO] === Iniciando instalação em 2025-08-25 15:23:05 ===
[2025-08-25 15:23:05] [INFO] Executando etapa: run_update_steps
[2025-08-25 15:23:05] [INFO] === INICIANDO PROCESSO DE ATUALIZAÇÃO (MIGRAÇÕES e DADOS) ===
[2025-08-25 15:23:05] [INFO] === LIMPEZA DO BANCO DE DADOS ===
[2025-08-25 15:23:05] [INFO] ⚠️  ATENÇÃO: Usuário optou por instalação limpa - removendo todas as tabelas!
[2025-08-25 15:23:05] [INFO] Encontradas 77 tabelas para remoção
[2025-08-25 15:23:05] [INFO]   ✅ Tabela removida: acessos
[2025-08-25 15:23:05] [INFO]   ✅ Tabela removida: arquivos
[2025-08-25 15:23:05] [INFO]   ✅ Tabela removida: arquivos_categorias
[2025-08-25 15:23:05] [INFO]   ✅ Tabela removida: backup_campos
[2025-08-25 15:23:05] [INFO]   ✅ Tabela removida: categorias
[2025-08-25 15:23:05] [INFO]   ✅ Tabela removida: componentes
[2025-08-25 15:23:05] [INFO]   ✅ Tabela removida: historico
[2025-08-25 15:23:05] [INFO]   ✅ Tabela removida: hosts
[2025-08-25 15:23:05] [INFO]   ✅ Tabela removida: hosts_agendamentos
[2025-08-25 15:23:05] [INFO]   ✅ Tabela removida: hosts_agendamentos_acompanhantes
[2025-08-25 15:23:05] [INFO]   ✅ Tabela removida: hosts_agendamentos_datas
[2025-08-25 15:23:05] [INFO]   ✅ Tabela removida: hosts_agendamentos_pesos
[2025-08-25 15:23:05] [INFO]   ✅ Tabela removida: hosts_arquivos
[2025-08-25 15:23:05] [INFO]   ✅ Tabela removida: hosts_arquivos_categorias
[2025-08-25 15:23:05] [INFO]   ✅ Tabela removida: hosts_carrinho
[2025-08-25 15:23:05] [INFO]   ✅ Tabela removida: hosts_carrinho_servico_variacoes
[2025-08-25 15:23:05] [INFO]   ✅ Tabela removida: hosts_carrinho_servicos
[2025-08-25 15:23:05] [INFO]   ✅ Tabela removida: hosts_categorias
[2025-08-25 15:23:05] [INFO]   ✅ Tabela removida: hosts_componentes
[2025-08-25 15:23:05] [INFO]   ✅ Tabela removida: hosts_configuracoes
[2025-08-25 15:23:05] [INFO]   ✅ Tabela removida: hosts_conjunto_cupons_prioridade
[2025-08-25 15:23:05] [INFO]   ✅ Tabela removida: hosts_cupons_prioridade
[2025-08-25 15:23:05] [INFO]   ✅ Tabela removida: hosts_escalas
[2025-08-25 15:23:05] [INFO]   ✅ Tabela removida: hosts_escalas_controle
[2025-08-25 15:23:05] [INFO]   ✅ Tabela removida: hosts_escalas_cron
[2025-08-25 15:23:05] [INFO]   ✅ Tabela removida: hosts_escalas_datas
[2025-08-25 15:23:05] [INFO]   ✅ Tabela removida: hosts_escalas_pesos
[2025-08-25 15:23:05] [INFO]   ✅ Tabela removida: hosts_layouts
[2025-08-25 15:23:05] [INFO]   ✅ Tabela removida: hosts_menus_itens
[2025-08-25 15:23:05] [INFO]   ✅ Tabela removida: hosts_paginas
[2025-08-25 15:23:05] [INFO]   ✅ Tabela removida: hosts_paginas_301
[2025-08-25 15:23:05] [INFO]   ✅ Tabela removida: hosts_paypal
[2025-08-25 15:23:05] [INFO]   ✅ Tabela removida: hosts_paypal_gestor_taxas
[2025-08-25 15:23:05] [INFO]   ✅ Tabela removida: hosts_paypal_pagamentos
[2025-08-25 15:23:05] [INFO]   ✅ Tabela removida: hosts_pedidos
[2025-08-25 15:23:05] [INFO]   ✅ Tabela removida: hosts_pedidos_servico_variacoes
[2025-08-25 15:23:05] [INFO]   ✅ Tabela removida: hosts_pedidos_servicos
[2025-08-25 15:23:05] [INFO]   ✅ Tabela removida: hosts_plugins
[2025-08-25 15:23:05] [INFO]   ✅ Tabela removida: hosts_postagens
[2025-08-25 15:23:05] [INFO]   ✅ Tabela removida: hosts_servicos
[2025-08-25 15:23:05] [INFO]   ✅ Tabela removida: hosts_servicos_lotes
[2025-08-25 15:23:06] [INFO]   ✅ Tabela removida: hosts_servicos_variacoes
[2025-08-25 15:23:06] [INFO]   ✅ Tabela removida: hosts_templates
[2025-08-25 15:23:06] [INFO]   ✅ Tabela removida: hosts_tokens
[2025-08-25 15:23:06] [INFO]   ✅ Tabela removida: hosts_usuarios
[2025-08-25 15:23:06] [INFO]   ✅ Tabela removida: hosts_usuarios_perfis
[2025-08-25 15:23:06] [INFO]   ✅ Tabela removida: hosts_usuarios_perfis_modulos
[2025-08-25 15:23:06] [INFO]   ✅ Tabela removida: hosts_usuarios_perfis_modulos_operacoes
[2025-08-25 15:23:06] [INFO]   ✅ Tabela removida: hosts_usuarios_tokens
[2025-08-25 15:23:06] [INFO]   ✅ Tabela removida: hosts_variaveis
[2025-08-25 15:23:06] [INFO]   ✅ Tabela removida: hosts_vouchers
[2025-08-25 15:23:06] [INFO]   ✅ Tabela removida: layouts
[2025-08-25 15:23:06] [INFO]   ✅ Tabela removida: manager_updates
[2025-08-25 15:23:06] [INFO]   ✅ Tabela removida: modulos
[2025-08-25 15:23:06] [INFO]   ✅ Tabela removida: modulos_grupos
[2025-08-25 15:23:06] [INFO]   ✅ Tabela removida: modulos_operacoes
[2025-08-25 15:23:06] [INFO]   ✅ Tabela removida: paginas
[2025-08-25 15:23:06] [INFO]   ✅ Tabela removida: paginas_301
[2025-08-25 15:23:06] [INFO]   ✅ Tabela removida: phinxlog
[2025-08-25 15:23:06] [INFO]   ✅ Tabela removida: plataforma_tokens
[2025-08-25 15:23:06] [INFO]   ✅ Tabela removida: plugins
[2025-08-25 15:23:06] [INFO]   ✅ Tabela removida: sessoes
[2025-08-25 15:23:06] [INFO]   ✅ Tabela removida: sessoes_variaveis
[2025-08-25 15:23:06] [INFO]   ✅ Tabela removida: templates
[2025-08-25 15:23:06] [INFO]   ✅ Tabela removida: tokens
[2025-08-25 15:23:06] [INFO]   ✅ Tabela removida: usuarios
[2025-08-25 15:23:06] [INFO]   ✅ Tabela removida: usuarios_gestores_hosts
[2025-08-25 15:23:06] [INFO]   ✅ Tabela removida: usuarios_gestores_perfis
[2025-08-25 15:23:06] [INFO]   ✅ Tabela removida: usuarios_gestores_perfis_modulos
[2025-08-25 15:23:06] [INFO]   ✅ Tabela removida: usuarios_gestores_perfis_modulos_operacoes
[2025-08-25 15:23:06] [INFO]   ✅ Tabela removida: usuarios_perfis
[2025-08-25 15:23:06] [INFO]   ✅ Tabela removida: usuarios_perfis_modulos
[2025-08-25 15:23:06] [INFO]   ✅ Tabela removida: usuarios_perfis_modulos_operacoes
[2025-08-25 15:23:06] [INFO]   ✅ Tabela removida: usuarios_planos
[2025-08-25 15:23:06] [INFO]   ✅ Tabela removida: usuarios_planos_usuarios
[2025-08-25 15:23:06] [INFO]   ✅ Tabela removida: usuarios_tokens
[2025-08-25 15:23:06] [INFO]   ✅ Tabela removida: variaveis
[2025-08-25 15:23:06] [INFO] ✅ Limpeza do banco concluída com sucesso!
[2025-08-25 15:23:06] [INFO] Executando script de atualização: /var/www/sites/localhost/conn2flow-gestor/controladores/atualizacoes/atualizacoes-banco-de-dados.php
[2025-08-25 15:23:07] [INFO] 🔧 Ambiente configurado - URL_RAIZ: /instalador/
[2025-08-25 15:23:07] [INFO] 🔧 Ambiente configurado - OpenSSL Path: /var/www/sites/localhost/conn2flow-gestor/autenticacoes/localhost/chaves/gestor/
[2025-08-25 15:23:07] [INFO] 🔧 Ambiente configurado - Cookie Name: _C2FCID
[2025-08-25 15:23:07] [INFO] Executando script de atualização (migrando banco)...
[2025-08-25 15:23:16] [INFO] ✅ Script de atualização executado.
[2025-08-25 15:23:17] [INFO] Pasta db removida após atualização: /var/www/sites/localhost/conn2flow-gestor/db
[2025-08-25 15:23:17] [INFO] Garantindo usuário administrador...
[2025-08-25 15:23:17] [INFO] ✅ Usuário administrador garantido/atualizado.
[2025-08-25 15:23:17] [INFO] === CONFIGURANDO LOGIN AUTOMÁTICO DO ADMINISTRADOR ===
[2025-08-25 15:23:17] [INFO] 🔧 Ambiente configurado - URL_RAIZ: /instalador/
[2025-08-25 15:23:17] [INFO] 🔧 Ambiente configurado - OpenSSL Path: /var/www/sites/localhost/conn2flow-gestor/autenticacoes/localhost/chaves/gestor/
[2025-08-25 15:23:17] [INFO] 🔧 Ambiente configurado - Cookie Name: _C2FCID
[2025-08-25 15:23:17] [INFO] 📝 Gerando token de autorização para o usuário administrador (ID: 1)
[2025-08-25 15:23:17] [INFO] ✅ Login automático configurado com sucesso! Usuário administrador estará logado após instalação.
[2025-08-25 15:23:17] [INFO] 🔑 Token de autorização gerado usando configurações do .env
[2025-08-25 15:23:17] [INFO] 🍪 Cookie configurado: _C2FCID por 15 dias
[2025-08-25 15:23:17] [INFO] Iniciando criação/atualização da página de sucesso...
[2025-08-25 15:23:17] [INFO] Página existente, sobrescrevendo HTML/CSS...
[2025-08-25 15:23:17] [INFO] Página de sucesso atualizada.
[2025-08-25 15:23:17] [INFO] Configurando acesso público...
[2025-08-25 15:23:17] [INFO] Pasta do instalador (onde ficarão os arquivos finais): /var/www/sites/localhost/public_html/instalador
[2025-08-25 15:23:17] [INFO] Server name: localhost
[2025-08-25 15:23:17] [INFO] Caminho completo do gestor: /var/www/sites/localhost/conn2flow-gestor/
[2025-08-25 15:23:17] [INFO] Template processado - domínio: localhost, caminho: /var/www/sites/localhost/conn2flow-gestor/
[2025-08-25 15:23:17] [INFO] Index.php processado e salvo em /var/www/sites/localhost/public_html/instalador/index.php
[2025-08-25 15:23:17] [INFO] === Iniciando detecção de URL_RAIZ (baseada no arquivo principal) ===
[2025-08-25 15:23:17] [INFO] Variável REQUEST_URI: /instalador/
[2025-08-25 15:23:17] [INFO] Variável SCRIPT_NAME: /instalador/index.php
[2025-08-25 15:23:17] [INFO] Variável PHP_SELF: /instalador/index.php
[2025-08-25 15:23:17] [INFO] Variável DOCUMENT_ROOT: /var/www/sites/localhost/public_html
[2025-08-25 15:23:17] [INFO] Variável SCRIPT_FILENAME: /var/www/sites/localhost/public_html/instalador/index.php
[2025-08-25 15:23:17] [INFO] SCRIPT_FILENAME: /var/www/sites/localhost/public_html/instalador/index.php
[2025-08-25 15:23:17] [INFO] DOCUMENT_ROOT: /var/www/sites/localhost/public_html
[2025-08-25 15:23:17] [INFO] Diretório do arquivo principal: /var/www/sites/localhost/public_html/instalador
[2025-08-25 15:23:17] [INFO] Caminho relativo do arquivo principal: /instalador
[2025-08-25 15:23:17] [INFO] ✅ Subpasta detectada via arquivo principal: /instalador/
[2025-08-25 15:23:17] [INFO] Detectada instalação em subpasta: /instalador/
[2025-08-25 15:23:17] [INFO] SSL não habilitado - removendo redirect HTTPS do .htaccess
[2025-08-25 15:23:17] [INFO] Arquivo .htaccess processado e salvo em /var/www/sites/localhost/public_html/instalador/.htaccess
[2025-08-25 15:23:17] [INFO] Pasta public-access removida: /var/www/sites/localhost/public_html/instalador/public-access
[2025-08-25 15:23:17] [INFO] Removendo arquivos do instalador, mantendo apenas index.php, .htaccess e installer.log...
[2025-08-25 15:23:17] [INFO] Pasta removida: /var/www/sites/localhost/public_html/instalador/src
[2025-08-25 15:23:17] [INFO] Pasta removida: /var/www/sites/localhost/public_html/instalador/views
[2025-08-25 15:23:17] [INFO] Pasta removida: /var/www/sites/localhost/public_html/instalador/assets
[2025-08-25 15:23:17] [INFO] Pasta removida: /var/www/sites/localhost/public_html/instalador/lang
[2025-08-25 15:23:17] [INFO] Limpeza concluída. Restam apenas index.php, .htaccess e installer.log na pasta do instalador.
[2025-08-25 15:23:17] [INFO] ✅ Instalação concluída com sucesso! ✅
[2025-08-25 15:23:17] [INFO] Etapa run_update_steps concluída com sucesso
