[2025-08-27 14:33:24][INFO][SID:29fc3888d476d8e7] WebStart: iniciando sessão
[2025-08-27 14:33:24][ERROR][SID:29fc3888d476d8e7] Interceptado warning: file_put_contents(/var/www/sites/localhost/conn2flow-gestor/temp/atualizacoes/sessions/29fc3888d476d8e7.log): Failed to open stream: No such file or directory em /var/www/sites/localhost/conn2flow-gestor/controladores/atualizacoes/atualizacoes-sistema.php:89
[2025-08-27 14:33:25][INFO][SID:29fc3888d476d8e7] Checksum ZIP verificado: 7e9ac9555bd64381649286ee9356aa3bd8342edbc5780d19e5ebc60e7f5fee3c
[2025-08-27 14:33:25][ERROR][SID:29fc3888d476d8e7] Interceptado warning: file_put_contents(/var/www/sites/localhost/conn2flow-gestor/temp/atualizacoes/sessions/29fc3888d476d8e7.log): Failed to open stream: No such file or directory em /var/www/sites/localhost/conn2flow-gestor/controladores/atualizacoes/atualizacoes-sistema.php:89
[2025-08-27 14:33:49][DEBUG][SID:29fc3888d476d8e7] Localizando raiz do gestor em: /var/www/sites/localhost/conn2flow-gestor/temp/atualizacoes/20250827-143324-0c6736/
[2025-08-27 14:33:49][ERROR][SID:29fc3888d476d8e7] Interceptado warning: file_put_contents(/var/www/sites/localhost/conn2flow-gestor/temp/atualizacoes/sessions/29fc3888d476d8e7.log): Failed to open stream: No such file or directory em /var/www/sites/localhost/conn2flow-gestor/controladores/atualizacoes/atualizacoes-sistema.php:89
[2025-08-27 14:33:49][INFO][SID:29fc3888d476d8e7] WebDeployFiles: iniciando
[2025-08-27 14:33:49][INFO][SID:29fc3888d476d8e7] Merge .env: novas=0 deprecated=0
[2025-08-27 14:33:58][WARNING][SID:29fc3888d476d8e7] moverConteudoStaging: falha ao remover destino existente /var/www/sites/localhost/conn2flow-gestor/assets
[2025-08-27 14:34:10][WARNING][SID:29fc3888d476d8e7] moverConteudoStaging: falha ao remover destino existente /var/www/sites/localhost/conn2flow-gestor/autenticacoes.exemplo
[2025-08-27 14:34:10][WARNING][SID:29fc3888d476d8e7] moverConteudoStaging: falha ao remover destino existente /var/www/sites/localhost/conn2flow-gestor/bibliotecas
[2025-08-27 14:34:12][WARNING][SID:29fc3888d476d8e7] moverConteudoStaging: falha ao remover destino existente /var/www/sites/localhost/conn2flow-gestor/configuracoes
[2025-08-27 14:34:12][WARNING][SID:29fc3888d476d8e7] moverConteudoStaging: falha ao remover destino existente /var/www/sites/localhost/conn2flow-gestor/controladores
[2025-08-27 14:34:13][WARNING][SID:29fc3888d476d8e7] moverConteudoStaging: falha ao remover destino existente /var/www/sites/localhost/conn2flow-gestor/db
[2025-08-27 14:34:14][WARNING][SID:29fc3888d476d8e7] moverConteudoStaging: falha ao remover destino existente /var/www/sites/localhost/conn2flow-gestor/modulos
[2025-08-27 14:34:16][WARNING][SID:29fc3888d476d8e7] moverConteudoStaging: falha ao remover destino existente /var/www/sites/localhost/conn2flow-gestor/vendor
[2025-08-27 14:34:24][WARNING][SID:29fc3888d476d8e7] WebDeploy sentinel mismatch após deploy (esperado 95b4ee03247341f7616dd55230eebbe3b0434c530a6035f555339745e438cfd8 obteve 9903d641c8597fe6a6fb857cc37a2b353288c400feec26912f70ed38683b2e52) – aplicando fallback
[2025-08-27 14:34:24][ERROR][SID:29fc3888d476d8e7] WebDeploy sentinel fallback write falhou: file_put_contents(/var/www/sites/localhost/conn2flow-gestor/modulos/admin-arquivos/admin-arquivos.php): Failed to open stream: Permission denied
[2025-08-27 14:34:24][WARNING][SID:29fc3888d476d8e7] WebDeploy sentinel rehash após fallback=9903d641c8597fe6a6fb857cc37a2b353288c400feec26912f70ed38683b2e52
[2025-08-27 14:34:24][INFO][SID:29fc3888d476d8e7] Plano exportado: /var/www/sites/localhost/conn2flow-gestor/logs/atualizacoes/plan-20250827-143424.json
[2025-08-27 14:34:24][INFO][SID:29fc3888d476d8e7] WebDeployFiles: concluído
[2025-08-27 14:34:25][INFO][SID:29fc3888d476d8e7] WebDatabase: iniciando com script=/var/www/sites/localhost/conn2flow-gestor/controladores/atualizacoes/atualizacoes-banco-de-dados.php
[2025-08-27 14:34:25][INFO][SID:29fc3888d476d8e7] Banco: incluindo script inline (sem processo externo)
[2025-08-27 14:34:27][INFO][SID:29fc3888d476d8e7] Banco: concluído inline
[2025-08-27 14:34:27][INFO][SID:29fc3888d476d8e7] WebDatabase: concluído
[2025-08-27 14:34:27][INFO][SID:29fc3888d476d8e7] WebFinalize: iniciando
[2025-08-27 14:34:27][INFO][SID:29fc3888d476d8e7] WebFinalize: concluído
[2025-08-27 14:50:51][INFO][SID:6e5ae759f65e3a9a] WebStart: iniciando sessão
[2025-08-27 14:50:52][INFO][SID:6e5ae759f65e3a9a] Checksum ZIP verificado: 9f1e506d8490456fbf3c84bc79a3a208c648828e76a1d3b7d33de7fac3357397
[2025-08-27 14:51:15][DEBUG][SID:6e5ae759f65e3a9a] Localizando raiz do gestor em: /var/www/sites/localhost/conn2flow-gestor/temp/atualizacoes/20250827-145051-3f6175/
[2025-08-27 14:51:16][INFO][SID:6e5ae759f65e3a9a] WebDeployFiles: iniciando
[2025-08-27 14:51:16][INFO][SID:6e5ae759f65e3a9a] Merge .env: novas=0 deprecated=0
[2025-08-27 14:51:26][INFO][SID:6e5ae759f65e3a9a] Plano exportado: /var/www/sites/localhost/conn2flow-gestor/logs/atualizacoes/plan-20250827-145126.json
[2025-08-27 14:51:26][INFO][SID:6e5ae759f65e3a9a] WebDeployFiles: concluído
[2025-08-27 14:51:27][INFO][SID:6e5ae759f65e3a9a] WebDatabase: iniciando com script=/var/www/sites/localhost/conn2flow-gestor/controladores/atualizacoes/atualizacoes-banco-de-dados.php
[2025-08-27 14:51:27][INFO][SID:6e5ae759f65e3a9a] Banco: incluindo script inline (sem processo externo)
[2025-08-27 14:51:30][INFO][SID:6e5ae759f65e3a9a] Banco: concluído inline
[2025-08-27 14:51:30][INFO][SID:6e5ae759f65e3a9a] WebDatabase: concluído
[2025-08-27 14:51:31][INFO][SID:6e5ae759f65e3a9a] WebFinalize: iniciando
[2025-08-27 14:51:31][INFO][SID:6e5ae759f65e3a9a] WebFinalize: concluído
[2025-08-27 15:17:58][INFO][SID:e0eee4ecc4959b16] WebStart: iniciando sessão
[2025-08-27 15:17:58][INFO][SID:e0eee4ecc4959b16] Download: gestor-v1.15.0 (https://github.com/otavioserra/conn2flow/releases/download/gestor-v1.15.0/gestor.zip)
[2025-08-27 15:18:03][INFO][SID:e0eee4ecc4959b16] Checksum ZIP verificado: ef5c4b6a270ab5e4a2bf7d5cfe3bdeede2dda83680326106a8321a4da65a0f16
[2025-08-27 15:18:27][DEBUG][SID:e0eee4ecc4959b16] Localizando raiz do gestor em: /var/www/sites/localhost/conn2flow-gestor/temp/atualizacoes/20250827-151758-56f6f8/
[2025-08-27 15:18:27][INFO][SID:e0eee4ecc4959b16] WebDeployFiles: iniciando
[2025-08-27 15:18:27][INFO][SID:e0eee4ecc4959b16] Merge .env: novas=0 deprecated=0
[2025-08-27 15:18:34][INFO][SID:e0eee4ecc4959b16] Plano exportado: /var/www/sites/localhost/conn2flow-gestor/logs/atualizacoes/plan-20250827-151834.json
[2025-08-27 15:18:34][INFO][SID:e0eee4ecc4959b16] WebDeployFiles: concluído
[2025-08-27 15:18:35][INFO][SID:e0eee4ecc4959b16] WebDatabase: iniciando com script=/var/www/sites/localhost/conn2flow-gestor/controladores/atualizacoes/atualizacoes-banco-de-dados.php
[2025-08-27 15:18:35][INFO][SID:e0eee4ecc4959b16] Banco: incluindo script inline (sem processo externo)
[2025-08-27 15:18:37][INFO][SID:e0eee4ecc4959b16] Banco: concluído inline
[2025-08-27 15:18:37][INFO][SID:e0eee4ecc4959b16] WebDatabase: concluído
[2025-08-27 15:18:37][INFO][SID:e0eee4ecc4959b16] WebFinalize: iniciando
[2025-08-27 15:18:37][INFO][SID:e0eee4ecc4959b16] WebFinalize: concluído
[2025-08-27 17:23:56][INFO][SID:f666cc667effc46d] WebStart: iniciando sessão
[2025-08-27 17:23:57][INFO][SID:f666cc667effc46d] Checksum ZIP verificado: 5e03b08b761862f2c7899411949d5a895156d6aa655c7db0aa0ab91b15eaa849
[2025-08-27 17:24:21][DEBUG][SID:f666cc667effc46d] Localizando raiz do gestor em: /var/www/sites/localhost/conn2flow-gestor/temp/atualizacoes/20250827-172357-aae108/
[2025-08-27 17:24:22][INFO][SID:f666cc667effc46d] WebDeployFiles: iniciando
[2025-08-27 17:24:22][INFO][SID:f666cc667effc46d] Merge .env: novas=0 deprecated=0
[2025-08-27 17:24:29][INFO][SID:f666cc667effc46d] Plano exportado: /var/www/sites/localhost/conn2flow-gestor/logs/atualizacoes/plan-20250827-172428.json
[2025-08-27 17:24:29][INFO][SID:f666cc667effc46d] WebDeployFiles: concluído
[2025-08-27 17:24:29][INFO][SID:f666cc667effc46d] WebDatabase: iniciando com script=/var/www/sites/localhost/conn2flow-gestor/controladores/atualizacoes/atualizacoes-banco-de-dados.php
[2025-08-27 17:24:29][INFO][SID:f666cc667effc46d] Banco: incluindo script inline (sem processo externo)
[2025-08-27 17:24:38][INFO][SID:f666cc667effc46d] Banco: concluído inline
[2025-08-27 17:24:38][INFO][SID:f666cc667effc46d] WebDatabase: concluído
[2025-08-27 17:24:38][INFO][SID:f666cc667effc46d] WebFinalize: iniciando
[2025-08-27 17:24:38][INFO][SID:f666cc667effc46d] WebFinalize: concluído
