[Mon, 10 Jan 2022 16:26:53] [plataforma_cliente_pagamento][paypalplus-criar] - [codigo-P10044][id_hosts_usuarios-7][id_hosts-13] - error retorno: Array
(
    [error-msg] => Não foi possível criar o pagamento no PayPal devido o servidor do PayPal retornar o seguinte erro: PayPal Plus: <b>VALIDATION_ERROR - Invalid request - see details</b>.
    [status] => error-result
    [error] => 1
)

[Mon, 10 Jan 2022 16:28:27] [plataforma_cliente_pagamento][paypalplus-criar] - [codigo-P10044][id_hosts_usuarios-7][id_hosts-13] - error retorno: Array
(
    [error-msg] => Não foi possível criar o pagamento no PayPal devido o servidor do PayPal retornar o seguinte erro: PayPal Plus: <b>VALIDATION_ERROR - Invalid request - see details</b>.
    [status] => error-result
    [error] => 1
)

[Mon, 10 Jan 2022 16:31:19] [plataforma_cliente_pagamento][paypalplus-criar] - [codigo-P10044][id_hosts_usuarios-7][id_hosts-13] - error retorno: Array
(
    [error-msg] => Não foi possível criar o pagamento no PayPal devido o servidor do PayPal retornar o seguinte erro: PayPal Plus: <b>VALIDATION_ERROR - Invalid request - see details</b>.
    [status] => error-result
    [error] => 1
)

[Mon, 10 Jan 2022 16:32:23] [plataforma_cliente_pagamento][paypalplus-criar] - [codigo-P10044][id_hosts_usuarios-7][id_hosts-13] - error retorno: Array
(
    [error-msg] => Não foi possível criar o pagamento no PayPal devido o servidor do PayPal retornar o seguinte erro: PayPal Plus: <b>VALIDATION_ERROR - Invalid request - see details</b>.
    [status] => error-result
    [error] => 1
)

[Mon, 10 Jan 2022 16:32:42] [plataforma_cliente_pagamento][paypalplus-criar] - [codigo-P10044][id_hosts_usuarios-7][id_hosts-13] - error retorno: Array
(
    [error-msg] => Não foi possível criar o pagamento no PayPal devido o servidor do PayPal retornar o seguinte erro: PayPal Plus: <b>VALIDATION_ERROR - Invalid request - see details</b>.
    [status] => error-result
    [error] => 1
)

