{2014/03/17 15:33:59} [Info] PagSeguroNotificationService.CheckTransaction(notificationCode=0F7D0A90-D7B4-4709-B04F-132F03F1DE8D) - begin 
{2014/03/17 15:34:00} [Info] PagSeguroNotificationService.CheckTransaction(notificationCode=0F7D0A90-D7B4-4709-B04F-132F03F1DE8D) - error [HTTP 400] - BAD_REQUEST 0 [13001] - invalid notification code value: 0F7D0A90-D7B4-4709-B04F-132F03F1DE8D 
{2014/03/17 15:36:06} [Info] PagSeguroTransactionSearchService.SearchByCode(0F7D0A90-D7B4-4709-B04F-132F03F1DE8D) - begin 
{2014/03/17 15:36:07} [Info] PagSeguroTransactionSearchService.SearchByCode(transactionCode=0F7D0A90-D7B4-4709-B04F-132F03F1DE8D) - end Transaction: array (
  'code' => '0F7D0A90-D7B4-4709-B04F-132F03F1DE8D',
  'email' => 'otavioserra@gmail.com',
  'date' => '2014-03-17T15:29:55.000-03:00',
  'reference' => '17032014000000009',
  'status' => '3',
  'itemsCount' => 1,
) 
{2014/03/17 15:40:19} [Info] PagSeguroTransactionSearchService.SearchByCode(0F7D0A90-D7B4-4709-B04F-132F03F1DE8D) - begin 
{2014/03/17 15:40:19} [Info] PagSeguroTransactionSearchService.SearchByCode(transactionCode=0F7D0A90-D7B4-4709-B04F-132F03F1DE8D) - end Transaction: array (
  'code' => '0F7D0A90-D7B4-4709-B04F-132F03F1DE8D',
  'email' => 'otavioserra@gmail.com',
  'date' => '2014-03-17T15:29:55.000-03:00',
  'reference' => '17032014000000009',
  'status' => '3',
  'itemsCount' => 1,
) 
{2014/03/17 15:40:53} [Info] PagSeguroTransactionSearchService.SearchByCode(0F7D0A90-D7B4-4709-B04F-132F03F1DE8D) - begin 
{2014/03/17 15:40:53} [Info] PagSeguroTransactionSearchService.SearchByCode(transactionCode=0F7D0A90-D7B4-4709-B04F-132F03F1DE8D) - end Transaction: array (
  'code' => '0F7D0A90-D7B4-4709-B04F-132F03F1DE8D',
  'email' => 'otavioserra@gmail.com',
  'date' => '2014-03-17T15:29:55.000-03:00',
  'reference' => '17032014000000009',
  'status' => '3',
  'itemsCount' => 1,
) 
{2014/04/09 19:25:22} [Info] PagSeguroPaymentService.Register(PagSeguroPaymentRequest: array (
  'Reference' => '09042014000000019',
  'SenderEmail' => 'null',
)) - begin 
{2014/04/09 19:25:24} [Info] PagSeguroPaymentService.Register(PagSeguroPaymentRequest: array (
  'Reference' => '09042014000000019',
  'SenderEmail' => 'null',
)) - end {1}6E72ABD24949F5A004CEEF8D3D51FCB2 
{2014/04/09 19:59:26} [Info] PagSeguroPaymentService.Register(PagSeguroPaymentRequest: array (
  'Reference' => '09042014000000022',
  'SenderEmail' => 'null',
)) - begin 
{2014/04/09 19:59:27} [Info] PagSeguroPaymentService.Register(PagSeguroPaymentRequest: array (
  'Reference' => '09042014000000022',
  'SenderEmail' => 'null',
)) - end {1}99436FB09999C27DD452FFA25C5FBA26 
{2014/04/09 20:05:16} [Info] PagSeguroPaymentService.Register(PagSeguroPaymentRequest: array (
  'Reference' => '09042014000000017',
  'SenderEmail' => 'null',
)) - begin 
{2014/04/09 20:05:17} [Info] PagSeguroPaymentService.Register(PagSeguroPaymentRequest: array (
  'Reference' => '09042014000000017',
  'SenderEmail' => 'null',
)) - end {1}F199252CD4D4AB4334385F8F43625305 
