[2025-08-27 17:31:26] Início processo V2
[2025-08-27 17:31:26] _map_loaded
[2025-08-27 17:31:26] Existentes (layouts): 13
[2025-08-27 17:31:26] Existentes (paginas): 186
[2025-08-27 17:31:26] Existentes (componentes): 86
[2025-08-27 17:31:26] Existentes (variaveis): 1340
[2025-08-27 17:31:26] _collected_summary
[2025-08-27 17:31:26] Dados persistidos + órfãos.
[2025-08-27 17:31:26] 📝 Relatório Final
📦 Layouts: 13
📄 Páginas: 186
🧩 Componentes: 86
🔧 Variáveis: 1340
Σ TOTAL: 1625
🗃️ Órfãos: 4
⚠️ Problemas: componentes: 4 órfãos

[2025-08-27 17:31:26] Fim processo V2 OK
[2025-08-27 17:49:58] Início processo V2
[2025-08-27 17:49:58] _map_loaded
[2025-08-27 17:49:58] Existentes (layouts): 13
[2025-08-27 17:49:58] Existentes (paginas): 186
[2025-08-27 17:49:58] Existentes (componentes): 86
[2025-08-27 17:49:58] Existentes (variaveis): 1340
[2025-08-27 17:49:58] _collected_summary
[2025-08-27 17:49:58] Dados persistidos + órfãos.
[2025-08-27 17:49:58] 📝 Relatório Final
📦 Layouts: 13
📄 Páginas: 186
🧩 Componentes: 86
🔧 Variáveis: 1340
Σ TOTAL: 1625
🗃️ Órfãos: 4
⚠️ Problemas: componentes: 4 órfãos

[2025-08-27 17:49:58] Fim processo V2 OK
[2025-08-27 18:27:24] Início processo V2
[2025-08-27 18:27:24] _map_loaded
[2025-08-27 18:27:25] Existentes (layouts): 13
[2025-08-27 18:27:25] Existentes (paginas): 186
[2025-08-27 18:27:25] Existentes (componentes): 86
[2025-08-27 18:27:25] Existentes (variaveis): 1340
[2025-08-27 18:27:25] _collected_summary
[2025-08-27 18:27:25] Dados persistidos + órfãos.
[2025-08-27 18:27:25] 📝 Relatório Final
📦 Layouts: 13
📄 Páginas: 186
🧩 Componentes: 86
🔧 Variáveis: 1340
Σ TOTAL: 1625
🗃️ Órfãos: 4
⚠️ Problemas: componentes: 4 órfãos

[2025-08-27 18:27:25] Fim processo V2 OK
[2025-08-27 18:58:01] Início processo V2
[2025-08-27 18:58:01] _map_loaded
[2025-08-27 18:58:01] Existentes (layouts): 0
[2025-08-27 18:58:01] Existentes (paginas): 0
[2025-08-27 18:58:01] Existentes (componentes): 0
[2025-08-27 18:58:01] Existentes (variaveis): 1340
[2025-08-27 18:58:01] _collected_summary
[2025-08-27 18:58:01] Dados persistidos + órfãos.
[2025-08-27 18:58:01] 📝 Relatório Final
📦 Layouts: 13
📄 Páginas: 186
🧩 Componentes: 86
🔧 Variáveis: 1340
Σ TOTAL: 1625
🗃️ Órfãos: 4
⚠️ Problemas: componentes: 4 órfãos

[2025-08-27 18:58:01] Fim processo V2 OK
[2025-08-27 19:00:55] Início processo V2
[2025-08-27 19:00:55] _map_loaded
[2025-08-27 19:00:55] Existentes (layouts): 13
[2025-08-27 19:00:55] Existentes (paginas): 186
[2025-08-27 19:00:55] Existentes (componentes): 86
[2025-08-27 19:00:55] Existentes (variaveis): 1340
[2025-08-27 19:00:55] _collected_summary
[2025-08-27 19:00:55] Dados persistidos + órfãos.
[2025-08-27 19:00:55] 📝 Relatório Final
📦 Layouts: 13
📄 Páginas: 186
🧩 Componentes: 86
🔧 Variáveis: 1340
Σ TOTAL: 1625
🗃️ Órfãos: 4
⚠️ Problemas: componentes: 4 órfãos

[2025-08-27 19:00:55] Fim processo V2 OK
