[2025-08-31 17:48:27] Início processo V2
[2025-08-31 17:48:27] _map_loaded
[2025-08-31 17:48:29] ORIGIN_UPDATE_MODULE modulo=admin-componentes tipo=components id=modal-componente lang=pt-br version 1.0=>1.1
[2025-08-31 17:48:29] ORIGIN_UPDATE_MODULE modulo=admin-componentes tipo=pages id=admin-componentes-adicionar lang=pt-br version 1.0=>1.1
[2025-08-31 17:48:29] ORIGIN_UPDATE_MODULE modulo=admin-componentes tipo=pages id=admin-componentes-editar lang=pt-br version 1.0=>1.1
[2025-08-31 17:48:29] ORIGIN_FILE_SAVED_MODULE C:\Users\otavi\OneDrive\Documentos\GIT\conn2flow\gestor\modulos\admin-componentes\admin-componentes.json
[2025-08-31 17:48:29] ORIGIN_UPDATE_MODULE modulo=admin-layouts tipo=components id=modal-layout lang=pt-br version 1.0=>1.1
[2025-08-31 17:48:29] ORIGIN_UPDATE_MODULE modulo=admin-layouts tipo=pages id=admin-layouts-editar lang=pt-br version 1.2=>1.3
[2025-08-31 17:48:29] ORIGIN_UPDATE_MODULE modulo=admin-layouts tipo=pages id=admin-layouts-adicionar lang=pt-br version 1.2=>1.3
[2025-08-31 17:48:29] ORIGIN_FILE_SAVED_MODULE C:\Users\otavi\OneDrive\Documentos\GIT\conn2flow\gestor\modulos\admin-layouts\admin-layouts.json
[2025-08-31 17:48:30] Existentes (layouts): 13
[2025-08-31 17:48:30] Existentes (paginas): 186
[2025-08-31 17:48:30] Existentes (componentes): 87
[2025-08-31 17:48:30] Existentes (variaveis): 1353
[2025-08-31 17:48:30] _collected_summary
[2025-08-31 17:48:30] Dados persistidos + órfãos.
[2025-08-31 17:48:30] 📝 Relatório Final
📦 Layouts: 13
📄 Páginas: 186
🧩 Componentes: 89
🔧 Variáveis: 1377
Σ TOTAL: 1665
🗃️ Órfãos: 4
⚠️ Problemas: componentes: 4 órfãos

[2025-08-31 17:48:30] Fim processo V2 OK
[2025-08-31 18:27:38] Início processo V2
[2025-08-31 18:27:38] _map_loaded
[2025-08-31 18:27:38] Existentes (layouts): 13
[2025-08-31 18:27:38] Existentes (paginas): 186
[2025-08-31 18:27:38] Existentes (componentes): 89
[2025-08-31 18:27:38] Existentes (variaveis): 1377
[2025-08-31 18:27:38] _collected_summary
[2025-08-31 18:27:38] Dados persistidos + órfãos.
[2025-08-31 18:27:38] 📝 Relatório Final
📦 Layouts: 13
📄 Páginas: 186
🧩 Componentes: 89
🔧 Variáveis: 1377
Σ TOTAL: 1665
🗃️ Órfãos: 4
⚠️ Problemas: componentes: 4 órfãos

[2025-08-31 18:27:38] Fim processo V2 OK
[2025-08-31 18:35:11] Início processo V2
[2025-08-31 18:35:11] _map_loaded
[2025-08-31 18:35:11] Existentes (layouts): 13
[2025-08-31 18:35:11] Existentes (paginas): 186
[2025-08-31 18:35:11] Existentes (componentes): 89
[2025-08-31 18:35:11] Existentes (variaveis): 1377
[2025-08-31 18:35:11] _collected_summary
[2025-08-31 18:35:11] Dados persistidos + órfãos.
[2025-08-31 18:35:11] 📝 Relatório Final
📦 Layouts: 13
📄 Páginas: 186
🧩 Componentes: 89
🔧 Variáveis: 1371
Σ TOTAL: 1659
🗃️ Órfãos: 4
⚠️ Problemas: componentes: 4 órfãos

[2025-08-31 18:35:11] Fim processo V2 OK
[2025-08-31 18:39:47] Início processo V2
[2025-08-31 18:39:47] _map_loaded
[2025-08-31 18:39:47] ORIGIN_UPDATE_MODULE modulo=admin-componentes tipo=components id=modal-componente lang=pt-br version 1.1=>1.2
[2025-08-31 18:39:47] ORIGIN_FILE_SAVED_MODULE C:\Users\otavi\OneDrive\Documentos\GIT\conn2flow\gestor\modulos\admin-componentes\admin-componentes.json
[2025-08-31 18:39:47] ORIGIN_UPDATE_MODULE modulo=admin-layouts tipo=components id=modal-layout lang=pt-br version 1.1=>1.2
[2025-08-31 18:39:47] ORIGIN_FILE_SAVED_MODULE C:\Users\otavi\OneDrive\Documentos\GIT\conn2flow\gestor\modulos\admin-layouts\admin-layouts.json
[2025-08-31 18:39:47] Existentes (layouts): 13
[2025-08-31 18:39:47] Existentes (paginas): 186
[2025-08-31 18:39:47] Existentes (componentes): 89
[2025-08-31 18:39:47] Existentes (variaveis): 1371
[2025-08-31 18:39:47] _collected_summary
[2025-08-31 18:39:47] Dados persistidos + órfãos.
[2025-08-31 18:39:47] 📝 Relatório Final
📦 Layouts: 13
📄 Páginas: 186
🧩 Componentes: 89
🔧 Variáveis: 1371
Σ TOTAL: 1659
🗃️ Órfãos: 4
⚠️ Problemas: componentes: 4 órfãos

[2025-08-31 18:39:47] Fim processo V2 OK
